MPASM  5.03                         HW331.ASM   9-23-2020  0:33:34         PAGE  1


LOC  OBJECT CODE     LINE SOURCE TEXT
  VALUE

                      00001 ;*******************************************
                      00002 ;**** Program title: Running LED ***********
                      00003 ;**** Programmer: Mr. Chatchai   ***********
                      00004 ;*******************************************
                      00005                 PROCESSOR PIC16F628
                      00006                 #include <P16F628.INC>
                      00001         LIST
                      00002 ; P16F628.INC  Standard Header File, Version 1.01    Microchip Technology, Inc.
                      00261         LIST
2007   3F78           00007                 __CONFIG        _CP_OFF & _MCLRE_ON & _INTRC_OSC_NOCLKOUT & _LVP_OFF & _WDT_OFF
                      00008                 
                      00009 ;Declare File register
  00000040            00010 counter EQU     40H
  00000041            00011 value   EQU     41H
  00000042            00012 source  EQU 42H
  00000043            00013 destination     EQU     43H
  00000044            00014 value2  EQU 44H
0000                  00015                 ORG     0x00    ; reset vector
0000   2804           00016                 GOTO START      ; jump to start of the program
                      00017                 
0004                  00018                 ORG     0x04    ; Interrupt vector
                      00019                 
0004                  00020 START:
                      00021 ; SET 20-2F to 0-F
0004   3020           00022                 movlw   20H
0005   0084           00023                 movwf   FSR
0006   0103           00024                 clrw                    ; clrw = movlw 0H
0007   00C1           00025                 movwf   value   ; set value = w = 0
0008   3010           00026                 movlw   .16             ; set w = 16
0009   00C0           00027                 movwf   counter ; set counter =16
                      00028                 
000A   0841           00029 AGAIN1:  movf   value,w
000B   0080           00030                 movwf   INDF
000C   0AC1           00031                 incf    value,f
000D   0A84           00032                 incf    FSR,f
000E   0BC0           00033                 decfsz  counter,f
000F   280A           00034                 goto    AGAIN1
                      00035                 
                      00036 ; HW331 SWITCH 20H and 2FH, 21H and 2EH and so on
                      00037 ; Method value=a >> a=b >> b=value ;can't because can't access a and b at the same time
                      00038 ; Method value=a >> value2=b >> b=value >> a= value2
0010   3008           00039                 movlw   .8              ; set w = 8
0011   00C0           00040                 movwf   counter ; set counter =8
0012   3020           00041                 movlw   20H             ; set w = 20H
0013   00C2           00042                 movwf   source  ; set source = 20H
0014   302F           00043                 movlw   2FH             ; set w = 2FH
0015   00C3           00044                 movwf   destination     ; set destination = 2FH
                      00045                         
0016                  00046 AGAIN2:  
                      00047                 ;value=a
                      00048                         ;read a
0016   0842           00049                 movf    source,w        
0017   0084           00050                 movwf   FSR
MPASM  5.03                         HW331.ASM   9-23-2020  0:33:34         PAGE  2


LOC  OBJECT CODE     LINE SOURCE TEXT
  VALUE

0018   0800           00051                 movf    INDF,w  
                      00052                         ;value=a
0019   00C1           00053                 movwf   value   
                      00054                 
                      00055                 ;value2=b
                      00056                         ;read b
001A   0843           00057                 movf    destination,w
001B   0084           00058                 movwf   FSR
001C   0800           00059                 movf    INDF,w
                      00060                         ;value2=b
001D   00C4           00061                 movwf   value2
                      00062                                 
                      00063                 ;b=value
001E   0841           00064                 movf    value,w
001F   0080           00065                 movwf   INDF
                      00066                 
                      00067                 ;a=value2
                      00068                         ;select a
0020   0842           00069                 movf    source,w        
0021   0084           00070                 movwf   FSR
                      00071                         ;a=value2
0022   0844           00072                 movf    value2,w        
0023   0080           00073                 movwf   INDF    
                      00074                 
0024   0AC2           00075                 incf    source,f                
0025   03C3           00076                 decf    destination,f   
0026   0BC0           00077                 decfsz  counter,f               
0027   2816           00078                 goto    AGAIN2
                      00079                 END
MPASM  5.03                         HW331.ASM   9-23-2020  0:33:34         PAGE  3


SYMBOL TABLE
  LABEL                             VALUE 

ADEN                              00000003
AGAIN1                            0000000A
AGAIN2                            00000016
BRGH                              00000002
C                                 00000000
C1INV                             00000004
C1OUT                             00000006
C2INV                             00000005
C2OUT                             00000007
CCP1CON                           00000017
CCP1IE                            00000002
CCP1IF                            00000002
CCP1M0                            00000000
CCP1M1                            00000001
CCP1M2                            00000002
CCP1M3                            00000003
CCP1X                             00000005
CCP1Y                             00000004
CCPR1H                            00000016
CCPR1L                            00000015
CIS                               00000003
CM0                               00000000
CM1                               00000001
CM2                               00000002
CMCON                             0000001F
CMIE                              00000006
CMIF                              00000006
CREN                              00000004
CSRC                              00000007
DC                                00000001
EEADR                             0000009B
EECON1                            0000009C
EECON2                            0000009D
EEDATA                            0000009A
EEIE                              00000007
EEIF                              00000007
F                                 00000001
FERR                              00000002
FSR                               00000004
GIE                               00000007
INDF                              00000000
INTCON                            0000000B
INTE                              00000004
INTEDG                            00000006
INTF                              00000001
IRP                               00000007
NOT_BO                            00000000
NOT_BOD                           00000000
NOT_BOR                           00000000
NOT_PD                            00000003
NOT_POR                           00000001
NOT_RBPU                          00000007
NOT_T1SYNC                        00000002
MPASM  5.03                         HW331.ASM   9-23-2020  0:33:34         PAGE  4


SYMBOL TABLE
  LABEL                             VALUE 

NOT_TO                            00000004
OERR                              00000001
OPTION_REG                        00000081
OSCF                              00000003
PCL                               00000002
PCLATH                            0000000A
PCON                              0000008E
PEIE                              00000006
PIE1                              0000008C
PIR1                              0000000C
PORTA                             00000005
PORTB                             00000006
PR2                               00000092
PS0                               00000000
PS1                               00000001
PS2                               00000002
PSA                               00000003
RBIE                              00000003
RBIF                              00000000
RCIE                              00000005
RCIF                              00000005
RCREG                             0000001A
RCSTA                             00000018
RD                                00000000
RP0                               00000005
RP1                               00000006
RX9                               00000006
RX9D                              00000000
SPBRG                             00000099
SPEN                              00000007
SREN                              00000005
START                             00000004
STATUS                            00000003
SYNC                              00000004
T0CS                              00000005
T0IE                              00000005
T0IF                              00000002
T0SE                              00000004
T1CKPS0                           00000004
T1CKPS1                           00000005
T1CON                             00000010
T1OSCEN                           00000003
T2CKPS0                           00000000
T2CKPS1                           00000001
T2CON                             00000012
TMR0                              00000001
TMR1CS                            00000001
TMR1H                             0000000F
TMR1IE                            00000000
TMR1IF                            00000000
TMR1L                             0000000E
TMR1ON                            00000000
TMR2                              00000011
MPASM  5.03                         HW331.ASM   9-23-2020  0:33:34         PAGE  5


SYMBOL TABLE
  LABEL                             VALUE 

TMR2IE                            00000001
TMR2IF                            00000001
TMR2ON                            00000002
TOUTPS0                           00000003
TOUTPS1                           00000004
TOUTPS2                           00000005
TOUTPS3                           00000006
TRISA                             00000085
TRISB                             00000086
TRMT                              00000001
TX9                               00000006
TX9D                              00000000
TXEN                              00000005
TXIE                              00000004
TXIF                              00000004
TXREG                             00000019
TXSTA                             00000098
VR0                               00000000
VR1                               00000001
VR2                               00000002
VR3                               00000003
VRCON                             0000009F
VREN                              00000007
VROE                              00000006
VRR                               00000005
W                                 00000000
WR                                00000001
WREN                              00000002
WRERR                             00000003
Z                                 00000002
_BODEN_OFF                        00003FBF
_BODEN_ON                         00003FFF
_CP_50                            00002BFF
_CP_75                            000017FF
_CP_ALL                           000003FF
_CP_OFF                           00003FFF
_DATA_CP_OFF                      00003FFF
_DATA_CP_ON                       00003EFF
_ER_OSC_CLKOUT                    00003FFF
_ER_OSC_NOCLKOUT                  00003FFE
_EXTCLK_OSC                       00003FEF
_HS_OSC                           00003FEE
_INTRC_OSC_CLKOUT                 00003FFD
_INTRC_OSC_NOCLKOUT               00003FFC
_LP_OSC                           00003FEC
_LVP_OFF                          00003F7F
_LVP_ON                           00003FFF
_MCLRE_OFF                        00003FDF
_MCLRE_ON                         00003FFF
_PWRTE_OFF                        00003FFF
_PWRTE_ON                         00003FF7
_WDT_OFF                          00003FFB
_WDT_ON                           00003FFF
MPASM  5.03                         HW331.ASM   9-23-2020  0:33:34         PAGE  6


SYMBOL TABLE
  LABEL                             VALUE 

_XT_OSC                           00003FED
__16F628                          00000001
counter                           00000040
destination                       00000043
source                            00000042
value                             00000041
value2                            00000044


MEMORY USAGE MAP ('X' = Used,  '-' = Unused)

0000 : X---XXXXXXXXXXXX XXXXXXXXXXXXXXXX XXXXXXXX-------- ----------------
2000 : -------X-------- ---------------- ---------------- ----------------

All other memory blocks unused.

Program Memory Words Used:    37
Program Memory Words Free:  2011


Errors   :     0
Warnings :     0 reported,     0 suppressed
Messages :     0 reported,     0 suppressed

