MPASM  5.03                          HW42.ASM   10-26-2020  15:25:27         PAGE  1


LOC  OBJECT CODE     LINE SOURCE TEXT
  VALUE

                      00001                 PROCESSOR PIC16F628
                      00002                 #include <P16F628.INC>
                      00001         LIST
                      00002 ; P16F628.INC  Standard Header File, Version 1.01    Microchip Technology, Inc.
                      00261         LIST
2007   3F4A           00003                 __CONFIG        _CP_OFF & _MCLRE_OFF & _HS_OSC & _LVP_OFF & _WDT_OFF
                      00004 
                      00005                 cblock  0x20
  00000020            00006                         temp
  00000021            00007                         temp1
  00000022            00008                         count
  00000023            00009                         count0
  00000024            00010                         count1
  00000025            00011                         count2
                      00012                 endc
0000                  00013                 ORG 0x00                ;reset vector
                      00014 
0000   3007           00015                 movlw   .7
0001   1283 1303      00016                 banksel CMCON
0003   009F           00017                 movwf   CMCON           ; Disable analog comparator
0004   1683 1303      00018                 banksel TRISB
0006   3000           00019                 movlw   0x00
Message[302]: Register in operand not in bank 0.  Ensure that bank bits are correct.
0007   0086           00020                 movwf   TRISB           ; Set PORTB as an output port
0008   1283 1303      00021                 banksel PORTB
                      00022                 
000A   0186           00023                 clrf    PORTB
000B   1406           00024                 bsf             PORTB,0
000C   01A0           00025                 clrf    temp
000D                  00026 L1:
000D   0820           00027                 movf    temp,w          ;use [Temp] to call 'Table7seg'
000E   2018           00028                 call    Table7seg
000F   0086           00029                 movwf   PORTB           ;Send the obtain 7 seg pattern to PORTB
                      00030                 
0010   203C           00031                 call    Delay500mS
                      00032                 
0011   0AA0           00033                 incf    temp,f          ;[temp] = [temp] + 1
                      00034                 
0012   300A           00035                 movlw   .10             ;
0013   0220           00036                 subwf   temp,w          
0014   1D03           00037                 btfss   STATUS,Z        ;check if temp=10?
                      00038                                                         ;we want to display total of 16 patterns
0015   280D           00039                 goto    L1                      ;No, go back and do it again
                      00040                 
0016   01A0           00041                 clrf    temp            ;Yes, clear 'temp' back to zero
0017   280D           00042                 goto    L1                      ;Repeat the infinite loop
                      00043                 
                      00044 ;Loopup table for 7segments LED Patterns
0018                  00045 Table7seg:
0018   0782           00046                 addwf   PCL,F
                      00047                 ;Segments       .GFEDBA
0019   343F           00048                 retlw   B'00111111'             ;Number0
001A   3406           00049                 retlw   B'00000110'             ;Number1
MPASM  5.03                          HW42.ASM   10-26-2020  15:25:27         PAGE  2


LOC  OBJECT CODE     LINE SOURCE TEXT
  VALUE

001B   345B           00050                 retlw   B'01011011'             ;Number2
001C   344F           00051                 retlw   B'01001111'             ;Number3
001D   3466           00052                 retlw   B'01100110'             ;Number4
001E   346D           00053                 retlw   B'01101101'             ;Number5
001F   347D           00054                 retlw   B'01111101'             ;Number6
0020   3407           00055                 retlw   B'00000111'             ;Number7
0021   347F           00056                 retlw   B'01111111'             ;Number8
0022   346F           00057                 retlw   B'01101111'             ;Number9
0023   3477           00058                 retlw   B'01110111'             ;A
0024   347C           00059                 retlw   B'01111100'             ;B
0025   3458           00060                 retlw   B'01011000'             ;C
0026   345E           00061                 retlw   B'01011110'             ;D
0027   3479           00062                 retlw   B'01111001'             ;E
0028   3471           00063                 retlw   B'01110001'             ;F
0029   3480           00064                 retlw   B'10000000'             ;dot-point
                      00065 
                      00066 
002A                  00067 DelaymS:
002A   00A5           00068                 movwf   count2
002B   0AA5           00069                 incf    count2,f
002C   0BA5           00070                 decfsz  count2,f
002D   282F           00071                 goto    $+2
002E   2831           00072                 goto    $+3
002F   2032           00073                 call    Delay1mS
0030   282C           00074                 goto    $-4
0031   0008           00075                 return
                      00076                 
0032                  00077 Delay1mS:
0032   3032           00078                 movlw   .50                     ; 1 cyc
0033   00A4           00079                 movwf   count1          ; 1 cyc
0034                  00080 outterloop:
0034   3005           00081                 movlw   .5                      ; 1 cyc * count1
0035   0000           00082                 nop                                     ; 1 cyc * count1
0036   00A3           00083                 movwf   count0          ; 1 cyc * count1
0037                  00084 innerloop:
0037   0BA3           00085                 decfsz  count0,F        ; 1 cyc * count1 * count0
0038   2837           00086                 goto    innerloop       ; 2 cyc * count1 * count0
0039   0BA4           00087                 decfsz  count1,F        ; 1 cyc * count1
003A   2834           00088                 goto    outterloop      ; 2 cyc * count1
003B   0008           00089                 return                          ; 1 cyc
                      00090                 ; total = 3 + (6+3.count0).count1
                      00091                 ; count0 = 5 , count1 = 50, total = 1053 cyc ??
                      00092                 
003C                  00093 Delay500mS:
003C   30FA           00094                 movlw .250;
003D   202A           00095                 call  DelaymS;
003E   30FA           00096                 movlw .250;
003F   202A           00097                 call  DelaymS;
0040   0008           00098                 return
                      00099                 
                      00100                 END
MPASM  5.03                          HW42.ASM   10-26-2020  15:25:27         PAGE  3


SYMBOL TABLE
  LABEL                             VALUE 

ADEN                              00000003
BRGH                              00000002
C                                 00000000
C1INV                             00000004
C1OUT                             00000006
C2INV                             00000005
C2OUT                             00000007
CCP1CON                           00000017
CCP1IE                            00000002
CCP1IF                            00000002
CCP1M0                            00000000
CCP1M1                            00000001
CCP1M2                            00000002
CCP1M3                            00000003
CCP1X                             00000005
CCP1Y                             00000004
CCPR1H                            00000016
CCPR1L                            00000015
CIS                               00000003
CM0                               00000000
CM1                               00000001
CM2                               00000002
CMCON                             0000001F
CMIE                              00000006
CMIF                              00000006
CREN                              00000004
CSRC                              00000007
DC                                00000001
Delay1mS                          00000032
Delay500mS                        0000003C
DelaymS                           0000002A
EEADR                             0000009B
EECON1                            0000009C
EECON2                            0000009D
EEDATA                            0000009A
EEIE                              00000007
EEIF                              00000007
F                                 00000001
FERR                              00000002
FSR                               00000004
GIE                               00000007
INDF                              00000000
INTCON                            0000000B
INTE                              00000004
INTEDG                            00000006
INTF                              00000001
IRP                               00000007
L1                                0000000D
NOT_BO                            00000000
NOT_BOD                           00000000
NOT_BOR                           00000000
NOT_PD                            00000003
NOT_POR                           00000001
MPASM  5.03                          HW42.ASM   10-26-2020  15:25:27         PAGE  4


SYMBOL TABLE
  LABEL                             VALUE 

NOT_RBPU                          00000007
NOT_T1SYNC                        00000002
NOT_TO                            00000004
OERR                              00000001
OPTION_REG                        00000081
OSCF                              00000003
PCL                               00000002
PCLATH                            0000000A
PCON                              0000008E
PEIE                              00000006
PIE1                              0000008C
PIR1                              0000000C
PORTA                             00000005
PORTB                             00000006
PR2                               00000092
PS0                               00000000
PS1                               00000001
PS2                               00000002
PSA                               00000003
RBIE                              00000003
RBIF                              00000000
RCIE                              00000005
RCIF                              00000005
RCREG                             0000001A
RCSTA                             00000018
RD                                00000000
RP0                               00000005
RP1                               00000006
RX9                               00000006
RX9D                              00000000
SPBRG                             00000099
SPEN                              00000007
SREN                              00000005
STATUS                            00000003
SYNC                              00000004
T0CS                              00000005
T0IE                              00000005
T0IF                              00000002
T0SE                              00000004
T1CKPS0                           00000004
T1CKPS1                           00000005
T1CON                             00000010
T1OSCEN                           00000003
T2CKPS0                           00000000
T2CKPS1                           00000001
T2CON                             00000012
TMR0                              00000001
TMR1CS                            00000001
TMR1H                             0000000F
TMR1IE                            00000000
TMR1IF                            00000000
TMR1L                             0000000E
TMR1ON                            00000000
MPASM  5.03                          HW42.ASM   10-26-2020  15:25:27         PAGE  5


SYMBOL TABLE
  LABEL                             VALUE 

TMR2                              00000011
TMR2IE                            00000001
TMR2IF                            00000001
TMR2ON                            00000002
TOUTPS0                           00000003
TOUTPS1                           00000004
TOUTPS2                           00000005
TOUTPS3                           00000006
TRISA                             00000085
TRISB                             00000086
TRMT                              00000001
TX9                               00000006
TX9D                              00000000
TXEN                              00000005
TXIE                              00000004
TXIF                              00000004
TXREG                             00000019
TXSTA                             00000098
Table7seg                         00000018
VR0                               00000000
VR1                               00000001
VR2                               00000002
VR3                               00000003
VRCON                             0000009F
VREN                              00000007
VROE                              00000006
VRR                               00000005
W                                 00000000
WR                                00000001
WREN                              00000002
WRERR                             00000003
Z                                 00000002
_BODEN_OFF                        00003FBF
_BODEN_ON                         00003FFF
_CP_50                            00002BFF
_CP_75                            000017FF
_CP_ALL                           000003FF
_CP_OFF                           00003FFF
_DATA_CP_OFF                      00003FFF
_DATA_CP_ON                       00003EFF
_ER_OSC_CLKOUT                    00003FFF
_ER_OSC_NOCLKOUT                  00003FFE
_EXTCLK_OSC                       00003FEF
_HS_OSC                           00003FEE
_INTRC_OSC_CLKOUT                 00003FFD
_INTRC_OSC_NOCLKOUT               00003FFC
_LP_OSC                           00003FEC
_LVP_OFF                          00003F7F
_LVP_ON                           00003FFF
_MCLRE_OFF                        00003FDF
_MCLRE_ON                         00003FFF
_PWRTE_OFF                        00003FFF
_PWRTE_ON                         00003FF7
MPASM  5.03                          HW42.ASM   10-26-2020  15:25:27         PAGE  6


SYMBOL TABLE
  LABEL                             VALUE 

_WDT_OFF                          00003FFB
_WDT_ON                           00003FFF
_XT_OSC                           00003FED
__16F628                          00000001
count                             00000022
count0                            00000023
count1                            00000024
count2                            00000025
innerloop                         00000037
outterloop                        00000034
temp                              00000020
temp1                             00000021


MEMORY USAGE MAP ('X' = Used,  '-' = Unused)

0000 : XXXXXXXXXXXXXXXX XXXXXXXXXXXXXXXX XXXXXXXXXXXXXXXX XXXXXXXXXXXXXXXX
0040 : X--------------- ---------------- ---------------- ----------------
2000 : -------X-------- ---------------- ---------------- ----------------

All other memory blocks unused.

Program Memory Words Used:    65
Program Memory Words Free:  1983


Errors   :     0
Warnings :     0 reported,     0 suppressed
Messages :     1 reported,     0 suppressed

