MPASM  5.03                   2SWITCH2LED.ASM   9-22-2020  16:23:16         PAGE  1


LOC  OBJECT CODE     LINE SOURCE TEXT
  VALUE

                      00001 ;*******************************************
                      00002 ;**** Program title: Running LED ***********
                      00003 ;**** Programmer: Mr. Chatchai   ***********
                      00004 ;*******************************************
                      00005                 PROCESSOR PIC16F628
                      00006                 #include <P16F628.INC>
                      00001         LIST
                      00002 ; P16F628.INC  Standard Header File, Version 1.01    Microchip Technology, Inc.
                      00261         LIST
2007   3F78           00007                 __CONFIG        _CP_OFF & _MCLRE_ON & _INTRC_OSC_NOCLKOUT & _LVP_OFF & _WDT_OFF
                      00008                 
                      00009 ;Declare File register
                      00010 
0000                  00011                 ORG     0x00    ; reset vector
0000   2804           00012                 GOTO START      ; jump to start of the program
                      00013                 
0004                  00014                 ORG     0x04    ; Interrupt vector
                      00015                 
0004                  00016 START:  ; Port Configuration
0004   3007           00017                 MOVLW   .7                      ; B'0111'
0005   009F           00018                 MOVWF   CMCON           ; set CMCON=7 to set portA to Digital mode
0006   1303           00019                 BCF             STATUS,RP1      ; or 'BCF 0x03,0x06'
0007   1683           00020                 BSF             STATUS,RP0      ; Select Bank1
Message[302]: Register in operand not in bank 0.  Ensure that bank bits are correct.
0008   1405           00021                 BSF             TRISA,0         ; Port RA0 is an Input pin
Message[302]: Register in operand not in bank 0.  Ensure that bank bits are correct.
0009   1485           00022                 BSF             TRISA,1         ; Port RA1 is an Input pin
Message[302]: Register in operand not in bank 0.  Ensure that bank bits are correct.
000A   1006           00023                 BCF             TRISB,0         ; Port RB0 is an output pin
Message[302]: Register in operand not in bank 0.  Ensure that bank bits are correct.
000B   1086           00024                 BCF             TRISB,1         ; Port RB1 is an output pin
000C   1283           00025                 BCF             STATUS,RP0      ; Back to Bank0
                      00026                 
                      00027                 ; Start your program here
000D                  00028 Inf_loop:
000D   1885           00029                 BTFSC   PORTA,1         ; Test switch R1
000E   2814           00030                 GOTO    K1_PRESSED      ; If R1 is pressed
000F   1805           00031                 BTFSC   PORTA,0         ; Test switch K2
0010   2816           00032                 GOTO    K2_PRESSED      ; if R2 is pressed
0011   1406           00033                 BSF             PORTB,0         ; OFF LED2 = LED ACTIVE LOW >> off use BSF (if LED is ac
                            tive high use bcf)
0012   1486           00034                 BSF             PORTB,1         ; OFF LED1
0013   280D           00035                 GOTO    Inf_loop
0014                  00036 K1_PRESSED:
0014   1086           00037                 BCF             PORTB,1         ; ON LED1 = LED ACTIVE LOw >> on use BCF
0015   280D           00038                 GOTO    Inf_loop
                      00039                 
0016                  00040 K2_PRESSED:
0016   1006           00041                 BCF             PORTB,0         ; ON LED 2
0017   280D           00042                 GOTO    Inf_loop
                      00043                 
                      00044                 END
MPASM  5.03                   2SWITCH2LED.ASM   9-22-2020  16:23:16         PAGE  2


SYMBOL TABLE
  LABEL                             VALUE 

ADEN                              00000003
BRGH                              00000002
C                                 00000000
C1INV                             00000004
C1OUT                             00000006
C2INV                             00000005
C2OUT                             00000007
CCP1CON                           00000017
CCP1IE                            00000002
CCP1IF                            00000002
CCP1M0                            00000000
CCP1M1                            00000001
CCP1M2                            00000002
CCP1M3                            00000003
CCP1X                             00000005
CCP1Y                             00000004
CCPR1H                            00000016
CCPR1L                            00000015
CIS                               00000003
CM0                               00000000
CM1                               00000001
CM2                               00000002
CMCON                             0000001F
CMIE                              00000006
CMIF                              00000006
CREN                              00000004
CSRC                              00000007
DC                                00000001
EEADR                             0000009B
EECON1                            0000009C
EECON2                            0000009D
EEDATA                            0000009A
EEIE                              00000007
EEIF                              00000007
F                                 00000001
FERR                              00000002
FSR                               00000004
GIE                               00000007
INDF                              00000000
INTCON                            0000000B
INTE                              00000004
INTEDG                            00000006
INTF                              00000001
IRP                               00000007
Inf_loop                          0000000D
K1_PRESSED                        00000014
K2_PRESSED                        00000016
NOT_BO                            00000000
NOT_BOD                           00000000
NOT_BOR                           00000000
NOT_PD                            00000003
NOT_POR                           00000001
NOT_RBPU                          00000007
MPASM  5.03                   2SWITCH2LED.ASM   9-22-2020  16:23:16         PAGE  3


SYMBOL TABLE
  LABEL                             VALUE 

NOT_T1SYNC                        00000002
NOT_TO                            00000004
OERR                              00000001
OPTION_REG                        00000081
OSCF                              00000003
PCL                               00000002
PCLATH                            0000000A
PCON                              0000008E
PEIE                              00000006
PIE1                              0000008C
PIR1                              0000000C
PORTA                             00000005
PORTB                             00000006
PR2                               00000092
PS0                               00000000
PS1                               00000001
PS2                               00000002
PSA                               00000003
RBIE                              00000003
RBIF                              00000000
RCIE                              00000005
RCIF                              00000005
RCREG                             0000001A
RCSTA                             00000018
RD                                00000000
RP0                               00000005
RP1                               00000006
RX9                               00000006
RX9D                              00000000
SPBRG                             00000099
SPEN                              00000007
SREN                              00000005
START                             00000004
STATUS                            00000003
SYNC                              00000004
T0CS                              00000005
T0IE                              00000005
T0IF                              00000002
T0SE                              00000004
T1CKPS0                           00000004
T1CKPS1                           00000005
T1CON                             00000010
T1OSCEN                           00000003
T2CKPS0                           00000000
T2CKPS1                           00000001
T2CON                             00000012
TMR0                              00000001
TMR1CS                            00000001
TMR1H                             0000000F
TMR1IE                            00000000
TMR1IF                            00000000
TMR1L                             0000000E
TMR1ON                            00000000
MPASM  5.03                   2SWITCH2LED.ASM   9-22-2020  16:23:16         PAGE  4


SYMBOL TABLE
  LABEL                             VALUE 

TMR2                              00000011
TMR2IE                            00000001
TMR2IF                            00000001
TMR2ON                            00000002
TOUTPS0                           00000003
TOUTPS1                           00000004
TOUTPS2                           00000005
TOUTPS3                           00000006
TRISA                             00000085
TRISB                             00000086
TRMT                              00000001
TX9                               00000006
TX9D                              00000000
TXEN                              00000005
TXIE                              00000004
TXIF                              00000004
TXREG                             00000019
TXSTA                             00000098
VR0                               00000000
VR1                               00000001
VR2                               00000002
VR3                               00000003
VRCON                             0000009F
VREN                              00000007
VROE                              00000006
VRR                               00000005
W                                 00000000
WR                                00000001
WREN                              00000002
WRERR                             00000003
Z                                 00000002
_BODEN_OFF                        00003FBF
_BODEN_ON                         00003FFF
_CP_50                            00002BFF
_CP_75                            000017FF
_CP_ALL                           000003FF
_CP_OFF                           00003FFF
_DATA_CP_OFF                      00003FFF
_DATA_CP_ON                       00003EFF
_ER_OSC_CLKOUT                    00003FFF
_ER_OSC_NOCLKOUT                  00003FFE
_EXTCLK_OSC                       00003FEF
_HS_OSC                           00003FEE
_INTRC_OSC_CLKOUT                 00003FFD
_INTRC_OSC_NOCLKOUT               00003FFC
_LP_OSC                           00003FEC
_LVP_OFF                          00003F7F
_LVP_ON                           00003FFF
_MCLRE_OFF                        00003FDF
_MCLRE_ON                         00003FFF
_PWRTE_OFF                        00003FFF
_PWRTE_ON                         00003FF7
_WDT_OFF                          00003FFB
MPASM  5.03                   2SWITCH2LED.ASM   9-22-2020  16:23:16         PAGE  5


SYMBOL TABLE
  LABEL                             VALUE 

_WDT_ON                           00003FFF
_XT_OSC                           00003FED
__16F628                          00000001


MEMORY USAGE MAP ('X' = Used,  '-' = Unused)

0000 : X---XXXXXXXXXXXX XXXXXXXX-------- ---------------- ----------------
2000 : -------X-------- ---------------- ---------------- ----------------

All other memory blocks unused.

Program Memory Words Used:    21
Program Memory Words Free:  2027


Errors   :     0
Warnings :     0 reported,     0 suppressed
Messages :     4 reported,     0 suppressed

