MPASM  5.03              SET20H_2FHTO0_16.ASM   9-22-2020  17:11:05         PAGE  1


LOC  OBJECT CODE     LINE SOURCE TEXT
  VALUE

                      00001 ;*******************************************
                      00002 ;**** Program title: Running LED ***********
                      00003 ;**** Programmer: Mr. Chatchai   ***********
                      00004 ;*******************************************
                      00005                 PROCESSOR PIC16F628
                      00006                 #include <P16F628.INC>
                      00001         LIST
                      00002 ; P16F628.INC  Standard Header File, Version 1.01    Microchip Technology, Inc.
                      00261         LIST
2007   3F78           00007                 __CONFIG        _CP_OFF & _MCLRE_ON & _INTRC_OSC_NOCLKOUT & _LVP_OFF & _WDT_OFF
                      00008                 
                      00009 ;Declare File register
  00000040            00010 counter EQU     40H
  00000041            00011 value   EQU     41H
                      00012 
0000                  00013                 ORG     0x00    ; reset vector
0000   2804           00014                 GOTO START      ; jump to start of the program
                      00015                 
0004                  00016                 ORG     0x04    ; Interrupt vector
                      00017                 
0004                  00018 START:  ; Port Configuration
0004   1303           00019                 BCF     STATUS,RP1      ; or 'BCF 0x03,0x06'
0005   1683           00020                 BSF     STATUS,RP0      ; Select Bank1
Message[302]: Register in operand not in bank 0.  Ensure that bank bits are correct.
0006   1485           00021                 BSF     TRISA,1         ; Port RA1 is an Input pin
Message[302]: Register in operand not in bank 0.  Ensure that bank bits are correct.
0007   1006           00022                 BCF     TRISB,0         ; Port RB0 is an output pin
0008   1283           00023                 BCF     STATUS,RP0      ; Back to Bank0
                      00024                 
                      00025                 ; Start your program here
                      00026                 
0009   3020           00027                 movlw   20H
000A   0084           00028                 movwf   FSR
000B   0103           00029                 clrw                    ; clrw = movlw 0H
000C   00C1           00030                 movwf   value   ; set value = w = 0
000D   3010           00031                 movlw   .16             ; set w = 16
000E   00C0           00032                 movwf   counter ; set counter =16
                      00033                 
000F   0841           00034 AGAIN:  movf    value,w
0010   0080           00035                 movwf   INDF
0011   0AC1           00036                 incf    value,f
0012   0A84           00037                 incf    FSR,f
0013   0BC0           00038                 decfsz  counter,f
0014   280F           00039                 goto    AGAIN
                      00040                 ;done
                      00041                                 
                      00042                 END
MPASM  5.03              SET20H_2FHTO0_16.ASM   9-22-2020  17:11:05         PAGE  2


SYMBOL TABLE
  LABEL                             VALUE 

ADEN                              00000003
AGAIN                             0000000F
BRGH                              00000002
C                                 00000000
C1INV                             00000004
C1OUT                             00000006
C2INV                             00000005
C2OUT                             00000007
CCP1CON                           00000017
CCP1IE                            00000002
CCP1IF                            00000002
CCP1M0                            00000000
CCP1M1                            00000001
CCP1M2                            00000002
CCP1M3                            00000003
CCP1X                             00000005
CCP1Y                             00000004
CCPR1H                            00000016
CCPR1L                            00000015
CIS                               00000003
CM0                               00000000
CM1                               00000001
CM2                               00000002
CMCON                             0000001F
CMIE                              00000006
CMIF                              00000006
CREN                              00000004
CSRC                              00000007
DC                                00000001
EEADR                             0000009B
EECON1                            0000009C
EECON2                            0000009D
EEDATA                            0000009A
EEIE                              00000007
EEIF                              00000007
F                                 00000001
FERR                              00000002
FSR                               00000004
GIE                               00000007
INDF                              00000000
INTCON                            0000000B
INTE                              00000004
INTEDG                            00000006
INTF                              00000001
IRP                               00000007
NOT_BO                            00000000
NOT_BOD                           00000000
NOT_BOR                           00000000
NOT_PD                            00000003
NOT_POR                           00000001
NOT_RBPU                          00000007
NOT_T1SYNC                        00000002
NOT_TO                            00000004
MPASM  5.03              SET20H_2FHTO0_16.ASM   9-22-2020  17:11:05         PAGE  3


SYMBOL TABLE
  LABEL                             VALUE 

OERR                              00000001
OPTION_REG                        00000081
OSCF                              00000003
PCL                               00000002
PCLATH                            0000000A
PCON                              0000008E
PEIE                              00000006
PIE1                              0000008C
PIR1                              0000000C
PORTA                             00000005
PORTB                             00000006
PR2                               00000092
PS0                               00000000
PS1                               00000001
PS2                               00000002
PSA                               00000003
RBIE                              00000003
RBIF                              00000000
RCIE                              00000005
RCIF                              00000005
RCREG                             0000001A
RCSTA                             00000018
RD                                00000000
RP0                               00000005
RP1                               00000006
RX9                               00000006
RX9D                              00000000
SPBRG                             00000099
SPEN                              00000007
SREN                              00000005
START                             00000004
STATUS                            00000003
SYNC                              00000004
T0CS                              00000005
T0IE                              00000005
T0IF                              00000002
T0SE                              00000004
T1CKPS0                           00000004
T1CKPS1                           00000005
T1CON                             00000010
T1OSCEN                           00000003
T2CKPS0                           00000000
T2CKPS1                           00000001
T2CON                             00000012
TMR0                              00000001
TMR1CS                            00000001
TMR1H                             0000000F
TMR1IE                            00000000
TMR1IF                            00000000
TMR1L                             0000000E
TMR1ON                            00000000
TMR2                              00000011
TMR2IE                            00000001
MPASM  5.03              SET20H_2FHTO0_16.ASM   9-22-2020  17:11:05         PAGE  4


SYMBOL TABLE
  LABEL                             VALUE 

TMR2IF                            00000001
TMR2ON                            00000002
TOUTPS0                           00000003
TOUTPS1                           00000004
TOUTPS2                           00000005
TOUTPS3                           00000006
TRISA                             00000085
TRISB                             00000086
TRMT                              00000001
TX9                               00000006
TX9D                              00000000
TXEN                              00000005
TXIE                              00000004
TXIF                              00000004
TXREG                             00000019
TXSTA                             00000098
VR0                               00000000
VR1                               00000001
VR2                               00000002
VR3                               00000003
VRCON                             0000009F
VREN                              00000007
VROE                              00000006
VRR                               00000005
W                                 00000000
WR                                00000001
WREN                              00000002
WRERR                             00000003
Z                                 00000002
_BODEN_OFF                        00003FBF
_BODEN_ON                         00003FFF
_CP_50                            00002BFF
_CP_75                            000017FF
_CP_ALL                           000003FF
_CP_OFF                           00003FFF
_DATA_CP_OFF                      00003FFF
_DATA_CP_ON                       00003EFF
_ER_OSC_CLKOUT                    00003FFF
_ER_OSC_NOCLKOUT                  00003FFE
_EXTCLK_OSC                       00003FEF
_HS_OSC                           00003FEE
_INTRC_OSC_CLKOUT                 00003FFD
_INTRC_OSC_NOCLKOUT               00003FFC
_LP_OSC                           00003FEC
_LVP_OFF                          00003F7F
_LVP_ON                           00003FFF
_MCLRE_OFF                        00003FDF
_MCLRE_ON                         00003FFF
_PWRTE_OFF                        00003FFF
_PWRTE_ON                         00003FF7
_WDT_OFF                          00003FFB
_WDT_ON                           00003FFF
_XT_OSC                           00003FED
MPASM  5.03              SET20H_2FHTO0_16.ASM   9-22-2020  17:11:05         PAGE  5


SYMBOL TABLE
  LABEL                             VALUE 

__16F628                          00000001
counter                           00000040
value                             00000041


MEMORY USAGE MAP ('X' = Used,  '-' = Unused)

0000 : X---XXXXXXXXXXXX XXXXX----------- ---------------- ----------------
2000 : -------X-------- ---------------- ---------------- ----------------

All other memory blocks unused.

Program Memory Words Used:    18
Program Memory Words Free:  2030


Errors   :     0
Warnings :     0 reported,     0 suppressed
Messages :     2 reported,     0 suppressed

