MPASM  5.03                          HW32.ASM   9-23-2020  0:09:31         PAGE  1


LOC  OBJECT CODE     LINE SOURCE TEXT
  VALUE

                      00001 ;*******************************************
                      00002 ;**** Program title: Running LED ***********
                      00003 ;**** Programmer: Mr. Chatchai   ***********
                      00004 ;*******************************************
                      00005                 PROCESSOR PIC16F628
                      00006                 #include <P16F628.INC>
                      00001         LIST
                      00002 ; P16F628.INC  Standard Header File, Version 1.01    Microchip Technology, Inc.
                      00261         LIST
2007   3F78           00007                 __CONFIG        _CP_OFF & _MCLRE_ON & _INTRC_OSC_NOCLKOUT & _LVP_OFF & _WDT_OFF
                      00008                 
                      00009 ;Declare File register
  00000040            00010 SW1_STATE       EQU     40H
  00000041            00011 SW2_STATE       EQU 41H
0000                  00012                 ORG     0x00    ; reset vector
0000   2804           00013                 GOTO START      ; jump to start of the program
                      00014                 
0004                  00015                 ORG     0x04    ; Interrupt vector
                      00016                 
                      00017         
0004                  00018 START:  ; Port Configuration
0004   3007           00019                 MOVLW   .7                      
0005   009F           00020                 MOVWF   CMCON           ; CMCON=7 turn-off analog comparator inputs
0006   1303           00021                 BCF             STATUS,RP1      ; or 'BCF 0x03,0x06'
0007   1683           00022                 BSF             STATUS,RP0      ; Select Bank1
Message[302]: Register in operand not in bank 0.  Ensure that bank bits are correct.
0008   1405           00023                 BSF             TRISA,0         ; Port RA0 is an Input pin
Message[302]: Register in operand not in bank 0.  Ensure that bank bits are correct.
0009   1485           00024                 BSF             TRISA,1         ; Port RA1 is an Input pin
Message[302]: Register in operand not in bank 0.  Ensure that bank bits are correct.
000A   1006           00025                 BCF             TRISB,0         ; Port RB0 is an output pin
Message[302]: Register in operand not in bank 0.  Ensure that bank bits are correct.
000B   1086           00026                 BCF             TRISB,1         ; Port RB1 is an output pin
000C   1283           00027                 BCF             STATUS,RP0      ; Back to Bank0
                      00028                 
                      00029                 ; Start your program here
                      00030                 ; K1 ACTIVE HIGH K2 ACTIVE LOW
                      00031                 ; LED1 ACTIVE HIGH LED2 ACTIVE LOW
                      00032                 
000D   0103           00033                 CLRW    
000E   00C0           00034                 MOVWF   SW1_STATE       ;set SW1_STATE=0
000F   00C1           00035                 MOVWF   SW2_STATE       ;set SW2_STATE=0
0010                  00036 Inf_loop:
0010   1885           00037                 BTFSC   PORTA,1         ; K1 ACTIVE HIGH use BTFSC
0011   2822           00038                 GOTO    TOGGLE_SW1      ; 
0012                  00039 RETURN_TOGGLE_SW1:
0012   1C05           00040                 BTFSS   PORTA,0         ; K2 ACTIVE LOW use BTFSS
0013   2825           00041                 GOTO    TOGGLE_SW2      ; 
0014                  00042 RETURN_TOGGLE_SW2:
0014   1840           00043                 BTFSC   SW1_STATE,0
0015   281A           00044                 GOTO    LED1_ON
0016   281C           00045                 GOTO    LED1_OFF
0017                  00046 RETURN_LED1_ONOFF:              
MPASM  5.03                          HW32.ASM   9-23-2020  0:09:31         PAGE  2


LOC  OBJECT CODE     LINE SOURCE TEXT
  VALUE

0017   1841           00047                 BTFSC   SW2_STATE,0
0018   281E           00048                 GOTO    LED2_ON
0019   2820           00049                 GOTO    LED2_OFF
                      00050         
001A                  00051 LED1_ON:
001A   1486           00052                 BSF             PORTB,1         ; LED1 ACTIVE HIGH >> on use BSF
001B   2817           00053                 GOTO    RETURN_LED1_ONOFF
                      00054                 
001C                  00055 LED1_OFF:
001C   1086           00056                 BCF             PORTB,1         ; LED1 ACTIVE HIGH >> off use BCF
001D   2817           00057                 GOTO    RETURN_LED1_ONOFF
                      00058                 
001E                  00059 LED2_ON:
001E   1006           00060                 BCF             PORTB,0         ; LED2 ACTIVE LOW >> on use BCF
001F   2810           00061                 GOTO    Inf_loop
                      00062 
                      00063 
0020                  00064 LED2_OFF:
0020   1406           00065                 BSF             PORTB,0         ; LED2 ACTIVE LOW >> off use BSF
0021   2810           00066                 GOTO    Inf_loop
                      00067                 
0022                  00068 TOGGLE_SW1:
0022   3001           00069                 MOVLW   .1
0023   06C0           00070                 XORWF   SW1_STATE,f     ; TOGGLE SW1_STATE
0024   2812           00071                 GOTO    RETURN_TOGGLE_SW1
                      00072                 
0025                  00073 TOGGLE_SW2:
0025   3001           00074                 MOVLW   .1
0026   06C1           00075                 XORWF   SW2_STATE,f     ; TOGGLE SW2_STATE
0027   2814           00076                 GOTO    RETURN_TOGGLE_SW2
                      00077                 
                      00078                 END
MPASM  5.03                          HW32.ASM   9-23-2020  0:09:31         PAGE  3


SYMBOL TABLE
  LABEL                             VALUE 

ADEN                              00000003
BRGH                              00000002
C                                 00000000
C1INV                             00000004
C1OUT                             00000006
C2INV                             00000005
C2OUT                             00000007
CCP1CON                           00000017
CCP1IE                            00000002
CCP1IF                            00000002
CCP1M0                            00000000
CCP1M1                            00000001
CCP1M2                            00000002
CCP1M3                            00000003
CCP1X                             00000005
CCP1Y                             00000004
CCPR1H                            00000016
CCPR1L                            00000015
CIS                               00000003
CM0                               00000000
CM1                               00000001
CM2                               00000002
CMCON                             0000001F
CMIE                              00000006
CMIF                              00000006
CREN                              00000004
CSRC                              00000007
DC                                00000001
EEADR                             0000009B
EECON1                            0000009C
EECON2                            0000009D
EEDATA                            0000009A
EEIE                              00000007
EEIF                              00000007
F                                 00000001
FERR                              00000002
FSR                               00000004
GIE                               00000007
INDF                              00000000
INTCON                            0000000B
INTE                              00000004
INTEDG                            00000006
INTF                              00000001
IRP                               00000007
Inf_loop                          00000010
LED1_OFF                          0000001C
LED1_ON                           0000001A
LED2_OFF                          00000020
LED2_ON                           0000001E
NOT_BO                            00000000
NOT_BOD                           00000000
NOT_BOR                           00000000
NOT_PD                            00000003
MPASM  5.03                          HW32.ASM   9-23-2020  0:09:31         PAGE  4


SYMBOL TABLE
  LABEL                             VALUE 

NOT_POR                           00000001
NOT_RBPU                          00000007
NOT_T1SYNC                        00000002
NOT_TO                            00000004
OERR                              00000001
OPTION_REG                        00000081
OSCF                              00000003
PCL                               00000002
PCLATH                            0000000A
PCON                              0000008E
PEIE                              00000006
PIE1                              0000008C
PIR1                              0000000C
PORTA                             00000005
PORTB                             00000006
PR2                               00000092
PS0                               00000000
PS1                               00000001
PS2                               00000002
PSA                               00000003
RBIE                              00000003
RBIF                              00000000
RCIE                              00000005
RCIF                              00000005
RCREG                             0000001A
RCSTA                             00000018
RD                                00000000
RETURN_LED1_ONOFF                 00000017
RETURN_TOGGLE_SW1                 00000012
RETURN_TOGGLE_SW2                 00000014
RP0                               00000005
RP1                               00000006
RX9                               00000006
RX9D                              00000000
SPBRG                             00000099
SPEN                              00000007
SREN                              00000005
START                             00000004
STATUS                            00000003
SW1_STATE                         00000040
SW2_STATE                         00000041
SYNC                              00000004
T0CS                              00000005
T0IE                              00000005
T0IF                              00000002
T0SE                              00000004
T1CKPS0                           00000004
T1CKPS1                           00000005
T1CON                             00000010
T1OSCEN                           00000003
T2CKPS0                           00000000
T2CKPS1                           00000001
T2CON                             00000012
MPASM  5.03                          HW32.ASM   9-23-2020  0:09:31         PAGE  5


SYMBOL TABLE
  LABEL                             VALUE 

TMR0                              00000001
TMR1CS                            00000001
TMR1H                             0000000F
TMR1IE                            00000000
TMR1IF                            00000000
TMR1L                             0000000E
TMR1ON                            00000000
TMR2                              00000011
TMR2IE                            00000001
TMR2IF                            00000001
TMR2ON                            00000002
TOGGLE_SW1                        00000022
TOGGLE_SW2                        00000025
TOUTPS0                           00000003
TOUTPS1                           00000004
TOUTPS2                           00000005
TOUTPS3                           00000006
TRISA                             00000085
TRISB                             00000086
TRMT                              00000001
TX9                               00000006
TX9D                              00000000
TXEN                              00000005
TXIE                              00000004
TXIF                              00000004
TXREG                             00000019
TXSTA                             00000098
VR0                               00000000
VR1                               00000001
VR2                               00000002
VR3                               00000003
VRCON                             0000009F
VREN                              00000007
VROE                              00000006
VRR                               00000005
W                                 00000000
WR                                00000001
WREN                              00000002
WRERR                             00000003
Z                                 00000002
_BODEN_OFF                        00003FBF
_BODEN_ON                         00003FFF
_CP_50                            00002BFF
_CP_75                            000017FF
_CP_ALL                           000003FF
_CP_OFF                           00003FFF
_DATA_CP_OFF                      00003FFF
_DATA_CP_ON                       00003EFF
_ER_OSC_CLKOUT                    00003FFF
_ER_OSC_NOCLKOUT                  00003FFE
_EXTCLK_OSC                       00003FEF
_HS_OSC                           00003FEE
_INTRC_OSC_CLKOUT                 00003FFD
MPASM  5.03                          HW32.ASM   9-23-2020  0:09:31         PAGE  6


SYMBOL TABLE
  LABEL                             VALUE 

_INTRC_OSC_NOCLKOUT               00003FFC
_LP_OSC                           00003FEC
_LVP_OFF                          00003F7F
_LVP_ON                           00003FFF
_MCLRE_OFF                        00003FDF
_MCLRE_ON                         00003FFF
_PWRTE_OFF                        00003FFF
_PWRTE_ON                         00003FF7
_WDT_OFF                          00003FFB
_WDT_ON                           00003FFF
_XT_OSC                           00003FED
__16F628                          00000001


MEMORY USAGE MAP ('X' = Used,  '-' = Unused)

0000 : X---XXXXXXXXXXXX XXXXXXXXXXXXXXXX XXXXXXXX-------- ----------------
2000 : -------X-------- ---------------- ---------------- ----------------

All other memory blocks unused.

Program Memory Words Used:    37
Program Memory Words Free:  2011


Errors   :     0
Warnings :     0 reported,     0 suppressed
Messages :     4 reported,     0 suppressed

