MPASM  5.03            LAB5_ANS_INTERRUPT.ASM   12-1-2020  15:56:07         PAGE  1


LOC  OBJECT CODE     LINE SOURCE TEXT
  VALUE

                      00001                 PROCESSOR PIC16F628
                      00002                 #include <P16F628.INC>
                      00001         LIST
                      00002 ; P16F628.INC  Standard Header File, Version 1.01    Microchip Technology, Inc.
                      00261         LIST
2007   3F4A           00003                 __CONFIG        _CP_OFF & _MCLRE_OFF & _HS_OSC & _LVP_OFF & _WDT_OFF
                      00004 
                      00005                 cblock  0x20
  00000020            00006                         temp
  00000021            00007                         INT_mS
  00000022            00008                         TESTTTT
  00000023            00009                         temp1
  00000024            00010                         count
  00000025            00011                         count0
  00000026            00012                         count1
  00000027            00013                         count2
  00000028            00014                         w_temp
  00000029            00015                         OPTION_REG_temp
  0000002A            00016                         STATUS_temp
                      00017                 endc
                      00018                 
0000                  00019                 ORG 0x00                ;reset vector
0000   2805           00020                 goto    main    ;vector to main program
                      00021 
0004                  00022                 ORG     0x04            ;interrupt vector
0004   2807           00023                 goto    ISR             ;exit Interrupt Service Routine
                      00024 
                      00025                 
0005                  00026 main:
0005   202D           00027                 call    Init
0006   2806           00028                 goto    $
                      00029 
                      00030 ;---interrupt---        
                      00031 ;clock 4MHz, 1cycle=1uS
                      00032 ;ISR every 200mS -> 200,000 cycle
                      00033 ; 200,000/x < 256 -> x > 200,000/256
                      00034 ; 256-(1000/4)= 256-250 = 6
                      00035 
0007                  00036 ISR:    
0007   110B           00037                 bcf             INTCON,T0IF             ; clear Timer0 interrupt flag
0008   3006           00038                 movlw   .6
0009   0081           00039                 movwf   TMR0                    ; reload for another 100uS period
                      00040 
000A   0AA1           00041                 incf    INT_mS,f
000B   30C8           00042                 movlw   .200
000C   0221           00043                 subwf   INT_mS,w
000D   1903           00044                 btfsc   STATUS,Z        ;check if INT_mS=200?
000E   2010           00045                 call    L1                      ;yes
                      00046 
000F   0009           00047                 RETFIE
                      00048 
                      00049 
0010   0AA0           00050 L1:             incf    temp,f
MPASM  5.03            LAB5_ANS_INTERRUPT.ASM   12-1-2020  15:56:07         PAGE  2


LOC  OBJECT CODE     LINE SOURCE TEXT
  VALUE

                      00051                 
0011   3010           00052                 movlw   .16
0012   0220           00053                 subwf   temp,w          
0013   1903           00054                 btfsc   STATUS,Z        ;check if temp=16?              
0014   01A0           00055                 clrf    temp            ;Yes, clear 'temp' back to zero
                      00056                                 
0015   0820           00057                 movf    temp,w          ;use [Temp] to call 'Table7seg'
0016   201B           00058                 call    Table7seg
0017   00A2           00059                 movwf   TESTTTT
0018   0086           00060                 movwf   PORTB           ;Send the obtain 7 seg pattern to PORTB
0019   01A1           00061                 clrf    INT_mS
                      00062                 
001A   0008           00063                 return
                      00064                 
                      00065                 
                      00066 ;Loopup table for 7segments LED Patterns
001B                  00067 Table7seg:
001B   0782           00068                 addwf   PCL,F
                      00069                 ;Segments       .GFEDBA
001C   343F           00070                 retlw   B'00111111'             ;Number0
001D   3406           00071                 retlw   B'00000110'             ;Number1
001E   345B           00072                 retlw   B'01011011'             ;Number2
001F   344F           00073                 retlw   B'01001111'             ;Number3
0020   3466           00074                 retlw   B'01100110'             ;Number4
0021   346D           00075                 retlw   B'01101101'             ;Number5
0022   347D           00076                 retlw   B'01111101'             ;Number6
0023   3407           00077                 retlw   B'00000111'             ;Number7
0024   347F           00078                 retlw   B'01111111'             ;Number8
0025   346F           00079                 retlw   B'01101111'             ;Number9
0026   3477           00080                 retlw   B'01110111'             ;A
0027   347C           00081                 retlw   B'01111100'             ;B
                      00082                 ;retlw  B'01011000'             ;C little 
0028   3439           00083                 retlw   B'00111001'             ;C big
0029   345E           00084                 retlw   B'01011110'             ;D
002A   3479           00085                 retlw   B'01111001'             ;E
002B   3471           00086                 retlw   B'01110001'             ;F
002C   3480           00087                 retlw   B'10000000'             ;dot-point
                      00088                 
                      00089                 
002D                  00090 Init:   ;---Port Config---
002D   1283 1303      00091                 banksel PORTB           ; select Bank0
002F   3007           00092                 movlw   .7
0030   1283 1303      00093                 banksel CMCON           ; select Bank0 (CMCON อยู่ Bank0)
0032   009F           00094                 movwf   CMCON           ; Disable analog comparator
0033   1683 1303      00095                 banksel TRISB           ; select Bank1
Message[302]: Register in operand not in bank 0.  Ensure that bank bits are correct.
0035   0186           00096                 clrf    TRISB           ; 
                      00097                 ;---End Port Config---
                      00098                 ;---Option Config---
0036   1683 1303      00099                 banksel OPTION_REG      ;       select Bank1
0038   3001           00100                 movlw   B'00000001'     ;       prescaler to TMR0 at rate 1:4 
Message[302]: Register in operand not in bank 0.  Ensure that bank bits are correct.
0039   0081           00101                 movwf   OPTION_REG
MPASM  5.03            LAB5_ANS_INTERRUPT.ASM   12-1-2020  15:56:07         PAGE  3


LOC  OBJECT CODE     LINE SOURCE TEXT
  VALUE

                      00102                 ;---Interrupt Config---
003A   1283 1303      00103                 banksel PORTB           ;       select Bank0
003C   168B           00104                 bsf             INTCON,T0IE     ; enable timer0 interrupt
003D   110B           00105                 bcf             INTCON,T0IF     ; clear timer0 interrupt flag
003E   178B           00106                 bsf             INTCON,GIE      ; enable global interrupt *enable GIE should be the last
                             code line (dunno why)
                      00107                 ;---End Interrupt Config---
                      00108                 ;---End Option Config---
003F   3006           00109                 movlw   .6              ; reload value for 1mS interrupt period
0040   1283 1303      00110                 banksel PORTA           ; select Bank0 
0042   0081           00111                 movwf   TMR0            ; set TMR0 = 6
0043   0186           00112                 clrf    PORTB
0044   01A0           00113                 clrf    temp
0045   01A1           00114                 clrf    INT_mS
0046   0008           00115                 return
                      00116                 
                      00117                 END
MPASM  5.03            LAB5_ANS_INTERRUPT.ASM   12-1-2020  15:56:07         PAGE  4


SYMBOL TABLE
  LABEL                             VALUE 

ADEN                              00000003
BRGH                              00000002
C                                 00000000
C1INV                             00000004
C1OUT                             00000006
C2INV                             00000005
C2OUT                             00000007
CCP1CON                           00000017
CCP1IE                            00000002
CCP1IF                            00000002
CCP1M0                            00000000
CCP1M1                            00000001
CCP1M2                            00000002
CCP1M3                            00000003
CCP1X                             00000005
CCP1Y                             00000004
CCPR1H                            00000016
CCPR1L                            00000015
CIS                               00000003
CM0                               00000000
CM1                               00000001
CM2                               00000002
CMCON                             0000001F
CMIE                              00000006
CMIF                              00000006
CREN                              00000004
CSRC                              00000007
DC                                00000001
EEADR                             0000009B
EECON1                            0000009C
EECON2                            0000009D
EEDATA                            0000009A
EEIE                              00000007
EEIF                              00000007
F                                 00000001
FERR                              00000002
FSR                               00000004
GIE                               00000007
INDF                              00000000
INTCON                            0000000B
INTE                              00000004
INTEDG                            00000006
INTF                              00000001
INT_mS                            00000021
IRP                               00000007
ISR                               00000007
Init                              0000002D
L1                                00000010
NOT_BO                            00000000
NOT_BOD                           00000000
NOT_BOR                           00000000
NOT_PD                            00000003
NOT_POR                           00000001
MPASM  5.03            LAB5_ANS_INTERRUPT.ASM   12-1-2020  15:56:07         PAGE  5


SYMBOL TABLE
  LABEL                             VALUE 

NOT_RBPU                          00000007
NOT_T1SYNC                        00000002
NOT_TO                            00000004
OERR                              00000001
OPTION_REG                        00000081
OPTION_REG_temp                   00000029
OSCF                              00000003
PCL                               00000002
PCLATH                            0000000A
PCON                              0000008E
PEIE                              00000006
PIE1                              0000008C
PIR1                              0000000C
PORTA                             00000005
PORTB                             00000006
PR2                               00000092
PS0                               00000000
PS1                               00000001
PS2                               00000002
PSA                               00000003
RBIE                              00000003
RBIF                              00000000
RCIE                              00000005
RCIF                              00000005
RCREG                             0000001A
RCSTA                             00000018
RD                                00000000
RP0                               00000005
RP1                               00000006
RX9                               00000006
RX9D                              00000000
SPBRG                             00000099
SPEN                              00000007
SREN                              00000005
STATUS                            00000003
STATUS_temp                       0000002A
SYNC                              00000004
T0CS                              00000005
T0IE                              00000005
T0IF                              00000002
T0SE                              00000004
T1CKPS0                           00000004
T1CKPS1                           00000005
T1CON                             00000010
T1OSCEN                           00000003
T2CKPS0                           00000000
T2CKPS1                           00000001
T2CON                             00000012
TESTTTT                           00000022
TMR0                              00000001
TMR1CS                            00000001
TMR1H                             0000000F
TMR1IE                            00000000
MPASM  5.03            LAB5_ANS_INTERRUPT.ASM   12-1-2020  15:56:07         PAGE  6


SYMBOL TABLE
  LABEL                             VALUE 

TMR1IF                            00000000
TMR1L                             0000000E
TMR1ON                            00000000
TMR2                              00000011
TMR2IE                            00000001
TMR2IF                            00000001
TMR2ON                            00000002
TOUTPS0                           00000003
TOUTPS1                           00000004
TOUTPS2                           00000005
TOUTPS3                           00000006
TRISA                             00000085
TRISB                             00000086
TRMT                              00000001
TX9                               00000006
TX9D                              00000000
TXEN                              00000005
TXIE                              00000004
TXIF                              00000004
TXREG                             00000019
TXSTA                             00000098
Table7seg                         0000001B
VR0                               00000000
VR1                               00000001
VR2                               00000002
VR3                               00000003
VRCON                             0000009F
VREN                              00000007
VROE                              00000006
VRR                               00000005
W                                 00000000
WR                                00000001
WREN                              00000002
WRERR                             00000003
Z                                 00000002
_BODEN_OFF                        00003FBF
_BODEN_ON                         00003FFF
_CP_50                            00002BFF
_CP_75                            000017FF
_CP_ALL                           000003FF
_CP_OFF                           00003FFF
_DATA_CP_OFF                      00003FFF
_DATA_CP_ON                       00003EFF
_ER_OSC_CLKOUT                    00003FFF
_ER_OSC_NOCLKOUT                  00003FFE
_EXTCLK_OSC                       00003FEF
_HS_OSC                           00003FEE
_INTRC_OSC_CLKOUT                 00003FFD
_INTRC_OSC_NOCLKOUT               00003FFC
_LP_OSC                           00003FEC
_LVP_OFF                          00003F7F
_LVP_ON                           00003FFF
_MCLRE_OFF                        00003FDF
MPASM  5.03            LAB5_ANS_INTERRUPT.ASM   12-1-2020  15:56:07         PAGE  7


SYMBOL TABLE
  LABEL                             VALUE 

_MCLRE_ON                         00003FFF
_PWRTE_OFF                        00003FFF
_PWRTE_ON                         00003FF7
_WDT_OFF                          00003FFB
_WDT_ON                           00003FFF
_XT_OSC                           00003FED
__16F628                          00000001
count                             00000024
count0                            00000025
count1                            00000026
count2                            00000027
main                              00000005
temp                              00000020
temp1                             00000023
w_temp                            00000028


MEMORY USAGE MAP ('X' = Used,  '-' = Unused)

0000 : X---XXXXXXXXXXXX XXXXXXXXXXXXXXXX XXXXXXXXXXXXXXXX XXXXXXXXXXXXXXXX
0040 : XXXXXXX--------- ---------------- ---------------- ----------------
2000 : -------X-------- ---------------- ---------------- ----------------

All other memory blocks unused.

Program Memory Words Used:    68
Program Memory Words Free:  1980


Errors   :     0
Warnings :     0 reported,     0 suppressed
Messages :     2 reported,     0 suppressed

