MPASM  5.03               LAB5_ANS_BOUNCE.ASM   12-1-2020  14:39:03         PAGE  1


LOC  OBJECT CODE     LINE SOURCE TEXT
  VALUE

                      00001                 PROCESSOR PIC16F628
                      00002                 #include <P16F628.INC>
                      00001         LIST
                      00002 ; P16F628.INC  Standard Header File, Version 1.01    Microchip Technology, Inc.
                      00261         LIST
2007   3F4A           00003                 __CONFIG        _CP_OFF & _MCLRE_OFF & _HS_OSC & _LVP_OFF & _WDT_OFF
                      00004 
                      00005                 cblock  0x20
  00000020            00006                         temp
  00000021            00007                         temp1
  00000022            00008                         count
  00000023            00009                         count0
  00000024            00010                         count1
  00000025            00011                         count2
                      00012                 endc
                      00013                 
0000                  00014                 ORG 0x00                ;reset vector
0000   2801           00015                 goto    main    ;vector to main program
                      00016 
                      00017                 
0001                  00018 main:
0001   204B           00019                 call    Init
                      00020                 
0002                  00021 L1:
0002   1805           00022                 btfsc   PORTA,0         ; is UP pressed?
0003   2805           00023                 goto    L2
                      00024                 
0004   0AA0           00025                 incf    temp,f
                      00026                 
0005   1885           00027 L2:             btfsc   PORTA,1         ; is DOWN pressed?
0006   2808           00028                 goto    L3
                      00029                 
0007   03A0           00030                 decf    temp,f
                      00031                 
0008   3010           00032 L3              movlw   .16
0009   0220           00033                 subwf   temp,w          
000A   1D03           00034                 btfss   STATUS,Z        ;check if temp=16?
000B   280E           00035                 goto    L4              ;No,check zero
                      00036                 
000C   01A0           00037                 clrf    temp            ;Yes, clear 'temp' back to zero
000D   2815           00038                 goto    L5                      ;Repeat the infinite loop
                      00039                 
000E                  00040 L4:             
000E   30FF           00041                 movlw   .255
000F   0220           00042                 subwf   temp,w          
0010   1D03           00043                 btfss   STATUS,Z        ;check if temp=255?
0011   2815           00044                 goto    L5                      ;No, go back and do it again
                      00045                 
0012   300F           00046                 movlw   .15
0013   00A0           00047                 movwf   temp            ;yes, set temp = 16
0014   2815           00048                 goto    L5                      ;Repeat the infinite loop               
                      00049                 
                      00050                 
MPASM  5.03               LAB5_ANS_BOUNCE.ASM   12-1-2020  14:39:03         PAGE  2


LOC  OBJECT CODE     LINE SOURCE TEXT
  VALUE

0015   0820           00051 L5:             movf    temp,w          ;use [Temp] to call 'Table7seg'
0016   201B           00052                 call    Table7seg
0017   0086           00053                 movwf   PORTB           ;Send the obtain 7 seg pattern to PORTB
                      00054                 
0018   30FA           00055                 movlw   .250
0019   202D           00056                 call    DelayMS
                      00057                 
001A   2802           00058                 goto    L1
                      00059                 
                      00060                 
                      00061 ;Loopup table for 7segments LED Patterns
001B                  00062 Table7seg:
001B   0782           00063                 addwf   PCL,F
                      00064                 ;Segments       .GFEDBA
001C   343F           00065                 retlw   B'00111111'             ;Number0
001D   3406           00066                 retlw   B'00000110'             ;Number1
001E   345B           00067                 retlw   B'01011011'             ;Number2
001F   344F           00068                 retlw   B'01001111'             ;Number3
0020   3466           00069                 retlw   B'01100110'             ;Number4
0021   346D           00070                 retlw   B'01101101'             ;Number5
0022   347D           00071                 retlw   B'01111101'             ;Number6
0023   3407           00072                 retlw   B'00000111'             ;Number7
0024   347F           00073                 retlw   B'01111111'             ;Number8
0025   346F           00074                 retlw   B'01101111'             ;Number9
0026   3477           00075                 retlw   B'01110111'             ;A
0027   347C           00076                 retlw   B'01111100'             ;B
                      00077                 ;retlw  B'01011000'             ;C little 
0028   3439           00078                 retlw   B'00111001'             ;C big
0029   345E           00079                 retlw   B'01011110'             ;D
002A   3479           00080                 retlw   B'01111001'             ;E
002B   3471           00081                 retlw   B'01110001'             ;F
002C   3480           00082                 retlw   B'10000000'             ;dot-point
                      00083                 
002D                  00084 DelayMS:
002D   00A5           00085                 movwf   count2
002E   0AA5           00086                 incf    count2,f
002F   0BA5           00087                 decfsz  count2,f
0030   2832           00088                 goto    $+2
0031   2834           00089                 goto    $+3
0032   2035           00090                 call    Delay1MS
0033   282F           00091                 goto    $-4
0034   0008           00092                 return
                      00093                 
0035                  00094 Delay1MS:
0035   3032           00095                 movlw   .50                             ; 1 cyc
0036   00A4           00096                 movwf   count1                  ; 1 cyc
0037                  00097 outterloop:
0037   3005           00098                 movlw   .5                              ; 1 cyc * count1
0038   0000           00099                 nop                                             ; 1 cyc * count1
0039   00A3           00100                 movwf   count0                  ; 1 cyc * count1
003A                  00101 innerloop:
003A   0BA3           00102                 decfsz  count0,F        ; 1 cyc * count1 * count0
003B   283A           00103                 goto    innerloop               ; 2 cyc * count1 * count0
MPASM  5.03               LAB5_ANS_BOUNCE.ASM   12-1-2020  14:39:03         PAGE  3


LOC  OBJECT CODE     LINE SOURCE TEXT
  VALUE

003C   0BA4           00104                 decfsz  count1,F        ; 1 cyc * count1
003D   2837           00105                 goto    outterloop              ; 2 cyc * count1
003E   0008           00106                 return                                  ; 1 cyc
                      00107                 ; total = 3 + (6+3.count0).count1
                      00108                 ; count0 = 5 , count1 = 50, total = 1053 cyc
                      00109 
                      00110 ; Time delay subroutine for 1.[W] seconds by calling DelayMS subroutine
003F                  00111 DelayS:
003F   00A1           00112                 movwf   temp1
0040                  00113 delays_1:
0040   30FA           00114                 movlw   .250
0041   202D           00115                 call    DelayMS
0042   30FA           00116                 movlw   .250
0043   202D           00117                 call    DelayMS
0044   30FA           00118                 movlw   .250
0045   202D           00119                 call    DelayMS
0046   30FA           00120                 movlw   .250
0047   202D           00121                 call    DelayMS
0048   0BA1           00122                 decfsz  temp1,f
0049   2840           00123                 goto    delays_1
004A   0008           00124                 return
                      00125                 
004B                  00126 Init:   
004B   3007           00127                 movlw   .7
004C   1283 1303      00128                 banksel CMCON
004E   009F           00129                 movwf   CMCON           ; Disable analog comparator
004F   1683 1303      00130                 banksel TRISB
0051   3000           00131                 movlw   0x00
Message[302]: Register in operand not in bank 0.  Ensure that bank bits are correct.
0052   0086           00132                 movwf   TRISB           ; Set PORTB as output ports
0053   30FF           00133                 movlw   0xFF
Message[302]: Register in operand not in bank 0.  Ensure that bank bits are correct.
0054   0085           00134                 movwf   TRISA           ; Set PORTA as input ports
0055   1283 1303      00135                 banksel PORTB
0057   0186           00136                 clrf    PORTB
0058   01A0           00137                 clrf    temp
0059   0008           00138                 return
                      00139                 
                      00140                 END
MPASM  5.03               LAB5_ANS_BOUNCE.ASM   12-1-2020  14:39:03         PAGE  4


SYMBOL TABLE
  LABEL                             VALUE 

ADEN                              00000003
BRGH                              00000002
C                                 00000000
C1INV                             00000004
C1OUT                             00000006
C2INV                             00000005
C2OUT                             00000007
CCP1CON                           00000017
CCP1IE                            00000002
CCP1IF                            00000002
CCP1M0                            00000000
CCP1M1                            00000001
CCP1M2                            00000002
CCP1M3                            00000003
CCP1X                             00000005
CCP1Y                             00000004
CCPR1H                            00000016
CCPR1L                            00000015
CIS                               00000003
CM0                               00000000
CM1                               00000001
CM2                               00000002
CMCON                             0000001F
CMIE                              00000006
CMIF                              00000006
CREN                              00000004
CSRC                              00000007
DC                                00000001
Delay1MS                          00000035
DelayMS                           0000002D
DelayS                            0000003F
EEADR                             0000009B
EECON1                            0000009C
EECON2                            0000009D
EEDATA                            0000009A
EEIE                              00000007
EEIF                              00000007
F                                 00000001
FERR                              00000002
FSR                               00000004
GIE                               00000007
INDF                              00000000
INTCON                            0000000B
INTE                              00000004
INTEDG                            00000006
INTF                              00000001
IRP                               00000007
Init                              0000004B
L1                                00000002
L2                                00000005
L3                                00000008
L4                                0000000E
L5                                00000015
MPASM  5.03               LAB5_ANS_BOUNCE.ASM   12-1-2020  14:39:03         PAGE  5


SYMBOL TABLE
  LABEL                             VALUE 

NOT_BO                            00000000
NOT_BOD                           00000000
NOT_BOR                           00000000
NOT_PD                            00000003
NOT_POR                           00000001
NOT_RBPU                          00000007
NOT_T1SYNC                        00000002
NOT_TO                            00000004
OERR                              00000001
OPTION_REG                        00000081
OSCF                              00000003
PCL                               00000002
PCLATH                            0000000A
PCON                              0000008E
PEIE                              00000006
PIE1                              0000008C
PIR1                              0000000C
PORTA                             00000005
PORTB                             00000006
PR2                               00000092
PS0                               00000000
PS1                               00000001
PS2                               00000002
PSA                               00000003
RBIE                              00000003
RBIF                              00000000
RCIE                              00000005
RCIF                              00000005
RCREG                             0000001A
RCSTA                             00000018
RD                                00000000
RP0                               00000005
RP1                               00000006
RX9                               00000006
RX9D                              00000000
SPBRG                             00000099
SPEN                              00000007
SREN                              00000005
STATUS                            00000003
SYNC                              00000004
T0CS                              00000005
T0IE                              00000005
T0IF                              00000002
T0SE                              00000004
T1CKPS0                           00000004
T1CKPS1                           00000005
T1CON                             00000010
T1OSCEN                           00000003
T2CKPS0                           00000000
T2CKPS1                           00000001
T2CON                             00000012
TMR0                              00000001
TMR1CS                            00000001
MPASM  5.03               LAB5_ANS_BOUNCE.ASM   12-1-2020  14:39:03         PAGE  6


SYMBOL TABLE
  LABEL                             VALUE 

TMR1H                             0000000F
TMR1IE                            00000000
TMR1IF                            00000000
TMR1L                             0000000E
TMR1ON                            00000000
TMR2                              00000011
TMR2IE                            00000001
TMR2IF                            00000001
TMR2ON                            00000002
TOUTPS0                           00000003
TOUTPS1                           00000004
TOUTPS2                           00000005
TOUTPS3                           00000006
TRISA                             00000085
TRISB                             00000086
TRMT                              00000001
TX9                               00000006
TX9D                              00000000
TXEN                              00000005
TXIE                              00000004
TXIF                              00000004
TXREG                             00000019
TXSTA                             00000098
Table7seg                         0000001B
VR0                               00000000
VR1                               00000001
VR2                               00000002
VR3                               00000003
VRCON                             0000009F
VREN                              00000007
VROE                              00000006
VRR                               00000005
W                                 00000000
WR                                00000001
WREN                              00000002
WRERR                             00000003
Z                                 00000002
_BODEN_OFF                        00003FBF
_BODEN_ON                         00003FFF
_CP_50                            00002BFF
_CP_75                            000017FF
_CP_ALL                           000003FF
_CP_OFF                           00003FFF
_DATA_CP_OFF                      00003FFF
_DATA_CP_ON                       00003EFF
_ER_OSC_CLKOUT                    00003FFF
_ER_OSC_NOCLKOUT                  00003FFE
_EXTCLK_OSC                       00003FEF
_HS_OSC                           00003FEE
_INTRC_OSC_CLKOUT                 00003FFD
_INTRC_OSC_NOCLKOUT               00003FFC
_LP_OSC                           00003FEC
_LVP_OFF                          00003F7F
MPASM  5.03               LAB5_ANS_BOUNCE.ASM   12-1-2020  14:39:03         PAGE  7


SYMBOL TABLE
  LABEL                             VALUE 

_LVP_ON                           00003FFF
_MCLRE_OFF                        00003FDF
_MCLRE_ON                         00003FFF
_PWRTE_OFF                        00003FFF
_PWRTE_ON                         00003FF7
_WDT_OFF                          00003FFB
_WDT_ON                           00003FFF
_XT_OSC                           00003FED
__16F628                          00000001
count                             00000022
count0                            00000023
count1                            00000024
count2                            00000025
delays_1                          00000040
innerloop                         0000003A
main                              00000001
outterloop                        00000037
temp                              00000020
temp1                             00000021


MEMORY USAGE MAP ('X' = Used,  '-' = Unused)

0000 : XXXXXXXXXXXXXXXX XXXXXXXXXXXXXXXX XXXXXXXXXXXXXXXX XXXXXXXXXXXXXXXX
0040 : XXXXXXXXXXXXXXXX XXXXXXXXXX------ ---------------- ----------------
2000 : -------X-------- ---------------- ---------------- ----------------

All other memory blocks unused.

Program Memory Words Used:    90
Program Memory Words Free:  1958


Errors   :     0
Warnings :     0 reported,     0 suppressed
Messages :     2 reported,     0 suppressed

