MPASM  5.03             LAB5_ANS_DEBOUNCE.ASM   12-1-2020  14:39:20         PAGE  1


LOC  OBJECT CODE     LINE SOURCE TEXT
  VALUE

                      00001                 PROCESSOR PIC16F628
                      00002                 #include <P16F628.INC>
                      00001         LIST
                      00002 ; P16F628.INC  Standard Header File, Version 1.01    Microchip Technology, Inc.
                      00261         LIST
2007   3F4A           00003                 __CONFIG        _CP_OFF & _MCLRE_OFF & _HS_OSC & _LVP_OFF & _WDT_OFF
                      00004 
                      00005                 cblock  0x20
  00000020            00006                         temp
  00000021            00007                         temp1
  00000022            00008                         count
  00000023            00009                         count0
  00000024            00010                         count1
  00000025            00011                         count2
                      00012                 endc
                      00013                 
0000                  00014                 ORG 0x00                ;reset vector
0000   2801           00015                 goto    main    ;vector to main program
                      00016 
                      00017                 
0001                  00018 main:
0001   2053           00019                 call    Init
                      00020                 
0002                  00021 L1:
0002   1805           00022                 btfsc   PORTA,0         ; is UP pressed?
0003   2809           00023                 goto    L2
                      00024                 
0004   300A           00025                 movlw   .10
0005   2035           00026                 call    DelayMS
                      00027                 
0006   1805           00028                 btfsc   PORTA,0         
0007   2809           00029                 goto    L2
                      00030                 
0008   0AA0           00031                 incf    temp,f
                      00032                 
0009   1885           00033 L2:             btfsc   PORTA,1         ; is DOWN pressed?
000A   2810           00034                 goto    L3
                      00035                 
000B   300A           00036                 movlw   .10
000C   2035           00037                 call    DelayMS
                      00038                 
000D   1885           00039                 btfsc   PORTA,1         
000E   2810           00040                 goto    L3
                      00041                 
000F   03A0           00042                 decf    temp,f
                      00043                 
0010   3010           00044 L3              movlw   .16
0011   0220           00045                 subwf   temp,w          
0012   1D03           00046                 btfss   STATUS,Z        ;check if temp=16?
0013   2816           00047                 goto    L4              ;No,check zero
                      00048                 
0014   01A0           00049                 clrf    temp            ;Yes, clear 'temp' back to zero
0015   281D           00050                 goto    L5                      ;Repeat the infinite loop
MPASM  5.03             LAB5_ANS_DEBOUNCE.ASM   12-1-2020  14:39:20         PAGE  2


LOC  OBJECT CODE     LINE SOURCE TEXT
  VALUE

                      00051                 
0016                  00052 L4:             
0016   30FF           00053                 movlw   .255
0017   0220           00054                 subwf   temp,w          
0018   1D03           00055                 btfss   STATUS,Z        ;check if temp=255?
0019   281D           00056                 goto    L5                      ;No, go back and do it again
                      00057                 
001A   300F           00058                 movlw   .15
001B   00A0           00059                 movwf   temp            ;yes, set temp = 16
001C   281D           00060                 goto    L5                      ;Repeat the infinite loop               
                      00061                 
                      00062                 
001D   0820           00063 L5:             movf    temp,w          ;use [Temp] to call 'Table7seg'
001E   2023           00064                 call    Table7seg
001F   0086           00065                 movwf   PORTB           ;Send the obtain 7 seg pattern to PORTB
                      00066                 
0020   30FA           00067                 movlw   .250
0021   2035           00068                 call    DelayMS
                      00069                 
0022   2802           00070                 goto    L1
                      00071                 
                      00072                 
                      00073 ;Loopup table for 7segments LED Patterns
0023                  00074 Table7seg:
0023   0782           00075                 addwf   PCL,F
                      00076                 ;Segments       .GFEDBA
0024   343F           00077                 retlw   B'00111111'             ;Number0
0025   3406           00078                 retlw   B'00000110'             ;Number1
0026   345B           00079                 retlw   B'01011011'             ;Number2
0027   344F           00080                 retlw   B'01001111'             ;Number3
0028   3466           00081                 retlw   B'01100110'             ;Number4
0029   346D           00082                 retlw   B'01101101'             ;Number5
002A   347D           00083                 retlw   B'01111101'             ;Number6
002B   3407           00084                 retlw   B'00000111'             ;Number7
002C   347F           00085                 retlw   B'01111111'             ;Number8
002D   346F           00086                 retlw   B'01101111'             ;Number9
002E   3477           00087                 retlw   B'01110111'             ;A
002F   347C           00088                 retlw   B'01111100'             ;B
                      00089                 ;retlw  B'01011000'             ;C little 
0030   3439           00090                 retlw   B'00111001'             ;C big
0031   345E           00091                 retlw   B'01011110'             ;D
0032   3479           00092                 retlw   B'01111001'             ;E
0033   3471           00093                 retlw   B'01110001'             ;F
0034   3480           00094                 retlw   B'10000000'             ;dot-point
                      00095                 
0035                  00096 DelayMS:
0035   00A5           00097                 movwf   count2
0036   0AA5           00098                 incf    count2,f
0037   0BA5           00099                 decfsz  count2,f
0038   283A           00100                 goto    $+2
0039   283C           00101                 goto    $+3
003A   203D           00102                 call    Delay1MS
003B   2837           00103                 goto    $-4
MPASM  5.03             LAB5_ANS_DEBOUNCE.ASM   12-1-2020  14:39:20         PAGE  3


LOC  OBJECT CODE     LINE SOURCE TEXT
  VALUE

003C   0008           00104                 return
                      00105                 
003D                  00106 Delay1MS:
003D   3032           00107                 movlw   .50                             ; 1 cyc
003E   00A4           00108                 movwf   count1                  ; 1 cyc
003F                  00109 outterloop:
003F   3005           00110                 movlw   .5                              ; 1 cyc * count1
0040   0000           00111                 nop                                             ; 1 cyc * count1
0041   00A3           00112                 movwf   count0                  ; 1 cyc * count1
0042                  00113 innerloop:
0042   0BA3           00114                 decfsz  count0,F        ; 1 cyc * count1 * count0
0043   2842           00115                 goto    innerloop               ; 2 cyc * count1 * count0
0044   0BA4           00116                 decfsz  count1,F        ; 1 cyc * count1
0045   283F           00117                 goto    outterloop              ; 2 cyc * count1
0046   0008           00118                 return                                  ; 1 cyc
                      00119                 ; total = 3 + (6+3.count0).count1
                      00120                 ; count0 = 5 , count1 = 50, total = 1053 cyc
                      00121 
                      00122 ; Time delay subroutine for 1.[W] seconds by calling DelayMS subroutine
0047                  00123 DelayS:
0047   00A1           00124                 movwf   temp1
0048                  00125 delays_1:
0048   30FA           00126                 movlw   .250
0049   2035           00127                 call    DelayMS
004A   30FA           00128                 movlw   .250
004B   2035           00129                 call    DelayMS
004C   30FA           00130                 movlw   .250
004D   2035           00131                 call    DelayMS
004E   30FA           00132                 movlw   .250
004F   2035           00133                 call    DelayMS
0050   0BA1           00134                 decfsz  temp1,f
0051   2848           00135                 goto    delays_1
0052   0008           00136                 return
                      00137                 
0053                  00138 Init:   
0053   3007           00139                 movlw   .7
0054   1283 1303      00140                 banksel CMCON
0056   009F           00141                 movwf   CMCON           ; Disable analog comparator
0057   1683 1303      00142                 banksel TRISB
0059   3000           00143                 movlw   0x00
Message[302]: Register in operand not in bank 0.  Ensure that bank bits are correct.
005A   0086           00144                 movwf   TRISB           ; Set PORTB as output ports
005B   30FF           00145                 movlw   0xFF
Message[302]: Register in operand not in bank 0.  Ensure that bank bits are correct.
005C   0085           00146                 movwf   TRISA           ; Set PORTA as input ports
005D   1283 1303      00147                 banksel PORTB
005F   0186           00148                 clrf    PORTB
0060   01A0           00149                 clrf    temp
0061   0008           00150                 return
                      00151                 
                      00152                 END
MPASM  5.03             LAB5_ANS_DEBOUNCE.ASM   12-1-2020  14:39:20         PAGE  4


SYMBOL TABLE
  LABEL                             VALUE 

ADEN                              00000003
BRGH                              00000002
C                                 00000000
C1INV                             00000004
C1OUT                             00000006
C2INV                             00000005
C2OUT                             00000007
CCP1CON                           00000017
CCP1IE                            00000002
CCP1IF                            00000002
CCP1M0                            00000000
CCP1M1                            00000001
CCP1M2                            00000002
CCP1M3                            00000003
CCP1X                             00000005
CCP1Y                             00000004
CCPR1H                            00000016
CCPR1L                            00000015
CIS                               00000003
CM0                               00000000
CM1                               00000001
CM2                               00000002
CMCON                             0000001F
CMIE                              00000006
CMIF                              00000006
CREN                              00000004
CSRC                              00000007
DC                                00000001
Delay1MS                          0000003D
DelayMS                           00000035
DelayS                            00000047
EEADR                             0000009B
EECON1                            0000009C
EECON2                            0000009D
EEDATA                            0000009A
EEIE                              00000007
EEIF                              00000007
F                                 00000001
FERR                              00000002
FSR                               00000004
GIE                               00000007
INDF                              00000000
INTCON                            0000000B
INTE                              00000004
INTEDG                            00000006
INTF                              00000001
IRP                               00000007
Init                              00000053
L1                                00000002
L2                                00000009
L3                                00000010
L4                                00000016
L5                                0000001D
MPASM  5.03             LAB5_ANS_DEBOUNCE.ASM   12-1-2020  14:39:20         PAGE  5


SYMBOL TABLE
  LABEL                             VALUE 

NOT_BO                            00000000
NOT_BOD                           00000000
NOT_BOR                           00000000
NOT_PD                            00000003
NOT_POR                           00000001
NOT_RBPU                          00000007
NOT_T1SYNC                        00000002
NOT_TO                            00000004
OERR                              00000001
OPTION_REG                        00000081
OSCF                              00000003
PCL                               00000002
PCLATH                            0000000A
PCON                              0000008E
PEIE                              00000006
PIE1                              0000008C
PIR1                              0000000C
PORTA                             00000005
PORTB                             00000006
PR2                               00000092
PS0                               00000000
PS1                               00000001
PS2                               00000002
PSA                               00000003
RBIE                              00000003
RBIF                              00000000
RCIE                              00000005
RCIF                              00000005
RCREG                             0000001A
RCSTA                             00000018
RD                                00000000
RP0                               00000005
RP1                               00000006
RX9                               00000006
RX9D                              00000000
SPBRG                             00000099
SPEN                              00000007
SREN                              00000005
STATUS                            00000003
SYNC                              00000004
T0CS                              00000005
T0IE                              00000005
T0IF                              00000002
T0SE                              00000004
T1CKPS0                           00000004
T1CKPS1                           00000005
T1CON                             00000010
T1OSCEN                           00000003
T2CKPS0                           00000000
T2CKPS1                           00000001
T2CON                             00000012
TMR0                              00000001
TMR1CS                            00000001
MPASM  5.03             LAB5_ANS_DEBOUNCE.ASM   12-1-2020  14:39:20         PAGE  6


SYMBOL TABLE
  LABEL                             VALUE 

TMR1H                             0000000F
TMR1IE                            00000000
TMR1IF                            00000000
TMR1L                             0000000E
TMR1ON                            00000000
TMR2                              00000011
TMR2IE                            00000001
TMR2IF                            00000001
TMR2ON                            00000002
TOUTPS0                           00000003
TOUTPS1                           00000004
TOUTPS2                           00000005
TOUTPS3                           00000006
TRISA                             00000085
TRISB                             00000086
TRMT                              00000001
TX9                               00000006
TX9D                              00000000
TXEN                              00000005
TXIE                              00000004
TXIF                              00000004
TXREG                             00000019
TXSTA                             00000098
Table7seg                         00000023
VR0                               00000000
VR1                               00000001
VR2                               00000002
VR3                               00000003
VRCON                             0000009F
VREN                              00000007
VROE                              00000006
VRR                               00000005
W                                 00000000
WR                                00000001
WREN                              00000002
WRERR                             00000003
Z                                 00000002
_BODEN_OFF                        00003FBF
_BODEN_ON                         00003FFF
_CP_50                            00002BFF
_CP_75                            000017FF
_CP_ALL                           000003FF
_CP_OFF                           00003FFF
_DATA_CP_OFF                      00003FFF
_DATA_CP_ON                       00003EFF
_ER_OSC_CLKOUT                    00003FFF
_ER_OSC_NOCLKOUT                  00003FFE
_EXTCLK_OSC                       00003FEF
_HS_OSC                           00003FEE
_INTRC_OSC_CLKOUT                 00003FFD
_INTRC_OSC_NOCLKOUT               00003FFC
_LP_OSC                           00003FEC
_LVP_OFF                          00003F7F
MPASM  5.03             LAB5_ANS_DEBOUNCE.ASM   12-1-2020  14:39:20         PAGE  7


SYMBOL TABLE
  LABEL                             VALUE 

_LVP_ON                           00003FFF
_MCLRE_OFF                        00003FDF
_MCLRE_ON                         00003FFF
_PWRTE_OFF                        00003FFF
_PWRTE_ON                         00003FF7
_WDT_OFF                          00003FFB
_WDT_ON                           00003FFF
_XT_OSC                           00003FED
__16F628                          00000001
count                             00000022
count0                            00000023
count1                            00000024
count2                            00000025
delays_1                          00000048
innerloop                         00000042
main                              00000001
outterloop                        0000003F
temp                              00000020
temp1                             00000021


MEMORY USAGE MAP ('X' = Used,  '-' = Unused)

0000 : XXXXXXXXXXXXXXXX XXXXXXXXXXXXXXXX XXXXXXXXXXXXXXXX XXXXXXXXXXXXXXXX
0040 : XXXXXXXXXXXXXXXX XXXXXXXXXXXXXXXX XX-------------- ----------------
2000 : -------X-------- ---------------- ---------------- ----------------

All other memory blocks unused.

Program Memory Words Used:    98
Program Memory Words Free:  1950


Errors   :     0
Warnings :     0 reported,     0 suppressed
Messages :     2 reported,     0 suppressed

