MPASM  5.03                          LAB3.ASM   11-10-2020  15:44:03         PAGE  1


LOC  OBJECT CODE     LINE SOURCE TEXT
  VALUE

                      00001 ;*******************************************
                      00002 ;**** Program title:  Running LEDS  ********
                      00003 ;**** Programmer: Mr. Chatchai   ***********
                      00004 ;*******************************************
                      00005 
                      00006                 PROCESSOR PIC16F628
                      00007                 #include <P16F628.INC>
                      00001         LIST
                      00002 ; P16F628.INC  Standard Header File, Version 1.01    Microchip Technology, Inc.
                      00261         LIST
2007   3F58           00008                 __CONFIG        _CP_OFF & _MCLRE_OFF & _INTRC_OSC_NOCLKOUT & _LVP_OFF & _WDT_OFF
                      00009 
                      00010 ;****** Define general purpose registers for temporary variables
                      00011                 cblock  0x20
  00000020            00012                         temp
  00000021            00013                         temp1
  00000022            00014                         count
  00000023            00015                         count0
  00000024            00016                         count1
  00000025            00017                         count2
                      00018                 endc
                      00019 ;***********************************************************
0000                  00020                 ORG     0x00            ; Reset Vector
                      00021                 
0000   1683 1303      00022                 banksel TRISB   ; Switch to bank1
0002   0103           00023                 clrw
Message[302]: Register in operand not in bank 0.  Ensure that bank bits are correct.
0003   0086           00024                 movwf   TRISB   ; Make PortB an output port
0004   1283 1303      00025                 banksel PORTB   ; Switch back to bank0
0006   0086           00026                 movwf   PORTB   ; Turn-off all LEDS
                      00027                 
0007                  00028 Main_loop:                      ; Main loop begins here 
0007   3000           00029                 movlw   0x00    ; clear file register 'temp'
0008   00A0           00030                 movwf   temp
0009                  00031 Again:                                  ; repeat this loop 8 times
0009   0820           00032                 movf    temp,w          ; use 'temp' to get a LED pattern from  
000A   2013           00033                 call    LED_PATTERN     ; LED_PATTERN look-up table
000B   0086           00034                 movwf   PORTB           ; move the obtained LED pattern to PORTB
000C   201C           00035                 call    Delay800mS      ; Delay for 0.8 second
                      00036                 
000D   0AA0           00037                 incf    temp,f          ; increment 'temp' by one
                      00038                 
000E   0820           00039                 movf    temp,w  
000F   3C08           00040                 sublw   .8              ; check if [temp] == 8 ?
0010   1D03           00041                 btfss   STATUS,Z
0011   2809           00042                 goto    Again           ; if 'no' repeat this loop again
0012   2807           00043                 goto    Main_loop       ; if 'yes' clear 'temp' back to zero
                      00044 
                      00045         
                      00046 ;******************** Subroutines *****************************
                      00047 
                      00048 ;========================================================
                      00049 ;* Running LED patterns using a look-up table
MPASM  5.03                          LAB3.ASM   11-10-2020  15:44:03         PAGE  2


LOC  OBJECT CODE     LINE SOURCE TEXT
  VALUE

                      00050 ;========================================================
0013                  00051 LED_PATTERN:
0013   0782           00052                 addwf   PCL,F
0014   3400           00053                 retlw   B'00000000'             ; Pattern 0
0015   3481           00054                 retlw   B'10000001'             ; Pattern 1
0016   3442           00055                 retlw   B'01000010'
0017   3424           00056                 retlw   B'00100100'
0018   3418           00057                 retlw   B'00011000'
0019   3424           00058                 retlw   B'00100100'
001A   3442           00059                 retlw   B'01000010'
001B   3481           00060                 retlw   B'10000001'             ; Pattern 7
                      00061 
                      00062 ;========================================================
                      00063 ; Delay subroutine for 0.8 second = 800000uS = 800000 cycles
                      00064 ;========================================================
001C                  00065 Delay800mS:
001C   30FF           00066                 movlw   .255                    ; 1 cyc
001D   00A4           00067                 movwf   count1                  ; 1 cyc
001E                  00068 loop1:
001E   30F1           00069                 movlw   .241                            ; 1 cyc * count1
001F   00A3           00070                 movwf   count0                  ; 1 cyc * count1
0020                  00071 loop2:
0020   0000           00072                 nop                                             ; 1 cyc * count1 * count0
0021   0000           00073                 nop                                             ; 1 cyc * count1 * count0
0022   0000           00074                 nop                                             ; 1 cyc * count1 * count0
0023   0000           00075                 nop                                             ; 1 cyc * count1 * count0
0024   0000           00076                 nop                                             ; 1 cyc * count1 * count0
0025   0000           00077                 nop                                             ; 1 cyc * count1 * count0
0026   0000           00078                 nop                                             ; 1 cyc * count1 * count0
0027   0000           00079                 nop                                             ; 1 cyc * count1 * count0
0028   0000           00080                 nop                                             ; 1 cyc * count1 * count0
0029   0000           00081                 nop                                             ; 1 cyc * count1 * count0
002A   0BA3           00082                 decfsz  count0,F        ; 1 cyc * count1 * count0
002B   2820           00083                 goto    loop2                   ; 2 cyc * count1 * count0
002C   0BA4           00084                 decfsz  count1,F        ; 1 cyc * count1
002D   281E           00085                 goto    loop1                   ; 2 cyc * count1
002E   0008           00086                 return                                  ; 1 cyc
                      00087                 ; total = 3 + 5*count1  + 13*count1*count0
                      00088                 ; count1 = 255
                      00089                 ; 800,000 = 3+5*255+13*255*count0
                      00090                 ; count0 = 240.94 = 241
                      00091                 ; 10 nop
                      00092 
                      00093                 
                      00094                 
                      00095                 END
MPASM  5.03                          LAB3.ASM   11-10-2020  15:44:03         PAGE  3


SYMBOL TABLE
  LABEL                             VALUE 

ADEN                              00000003
Again                             00000009
BRGH                              00000002
C                                 00000000
C1INV                             00000004
C1OUT                             00000006
C2INV                             00000005
C2OUT                             00000007
CCP1CON                           00000017
CCP1IE                            00000002
CCP1IF                            00000002
CCP1M0                            00000000
CCP1M1                            00000001
CCP1M2                            00000002
CCP1M3                            00000003
CCP1X                             00000005
CCP1Y                             00000004
CCPR1H                            00000016
CCPR1L                            00000015
CIS                               00000003
CM0                               00000000
CM1                               00000001
CM2                               00000002
CMCON                             0000001F
CMIE                              00000006
CMIF                              00000006
CREN                              00000004
CSRC                              00000007
DC                                00000001
Delay800mS                        0000001C
EEADR                             0000009B
EECON1                            0000009C
EECON2                            0000009D
EEDATA                            0000009A
EEIE                              00000007
EEIF                              00000007
F                                 00000001
FERR                              00000002
FSR                               00000004
GIE                               00000007
INDF                              00000000
INTCON                            0000000B
INTE                              00000004
INTEDG                            00000006
INTF                              00000001
IRP                               00000007
LED_PATTERN                       00000013
Main_loop                         00000007
NOT_BO                            00000000
NOT_BOD                           00000000
NOT_BOR                           00000000
NOT_PD                            00000003
NOT_POR                           00000001
MPASM  5.03                          LAB3.ASM   11-10-2020  15:44:03         PAGE  4


SYMBOL TABLE
  LABEL                             VALUE 

NOT_RBPU                          00000007
NOT_T1SYNC                        00000002
NOT_TO                            00000004
OERR                              00000001
OPTION_REG                        00000081
OSCF                              00000003
PCL                               00000002
PCLATH                            0000000A
PCON                              0000008E
PEIE                              00000006
PIE1                              0000008C
PIR1                              0000000C
PORTA                             00000005
PORTB                             00000006
PR2                               00000092
PS0                               00000000
PS1                               00000001
PS2                               00000002
PSA                               00000003
RBIE                              00000003
RBIF                              00000000
RCIE                              00000005
RCIF                              00000005
RCREG                             0000001A
RCSTA                             00000018
RD                                00000000
RP0                               00000005
RP1                               00000006
RX9                               00000006
RX9D                              00000000
SPBRG                             00000099
SPEN                              00000007
SREN                              00000005
STATUS                            00000003
SYNC                              00000004
T0CS                              00000005
T0IE                              00000005
T0IF                              00000002
T0SE                              00000004
T1CKPS0                           00000004
T1CKPS1                           00000005
T1CON                             00000010
T1OSCEN                           00000003
T2CKPS0                           00000000
T2CKPS1                           00000001
T2CON                             00000012
TMR0                              00000001
TMR1CS                            00000001
TMR1H                             0000000F
TMR1IE                            00000000
TMR1IF                            00000000
TMR1L                             0000000E
TMR1ON                            00000000
MPASM  5.03                          LAB3.ASM   11-10-2020  15:44:03         PAGE  5


SYMBOL TABLE
  LABEL                             VALUE 

TMR2                              00000011
TMR2IE                            00000001
TMR2IF                            00000001
TMR2ON                            00000002
TOUTPS0                           00000003
TOUTPS1                           00000004
TOUTPS2                           00000005
TOUTPS3                           00000006
TRISA                             00000085
TRISB                             00000086
TRMT                              00000001
TX9                               00000006
TX9D                              00000000
TXEN                              00000005
TXIE                              00000004
TXIF                              00000004
TXREG                             00000019
TXSTA                             00000098
VR0                               00000000
VR1                               00000001
VR2                               00000002
VR3                               00000003
VRCON                             0000009F
VREN                              00000007
VROE                              00000006
VRR                               00000005
W                                 00000000
WR                                00000001
WREN                              00000002
WRERR                             00000003
Z                                 00000002
_BODEN_OFF                        00003FBF
_BODEN_ON                         00003FFF
_CP_50                            00002BFF
_CP_75                            000017FF
_CP_ALL                           000003FF
_CP_OFF                           00003FFF
_DATA_CP_OFF                      00003FFF
_DATA_CP_ON                       00003EFF
_ER_OSC_CLKOUT                    00003FFF
_ER_OSC_NOCLKOUT                  00003FFE
_EXTCLK_OSC                       00003FEF
_HS_OSC                           00003FEE
_INTRC_OSC_CLKOUT                 00003FFD
_INTRC_OSC_NOCLKOUT               00003FFC
_LP_OSC                           00003FEC
_LVP_OFF                          00003F7F
_LVP_ON                           00003FFF
_MCLRE_OFF                        00003FDF
_MCLRE_ON                         00003FFF
_PWRTE_OFF                        00003FFF
_PWRTE_ON                         00003FF7
_WDT_OFF                          00003FFB
MPASM  5.03                          LAB3.ASM   11-10-2020  15:44:03         PAGE  6


SYMBOL TABLE
  LABEL                             VALUE 

_WDT_ON                           00003FFF
_XT_OSC                           00003FED
__16F628                          00000001
count                             00000022
count0                            00000023
count1                            00000024
count2                            00000025
loop1                             0000001E
loop2                             00000020
temp                              00000020
temp1                             00000021


MEMORY USAGE MAP ('X' = Used,  '-' = Unused)

0000 : XXXXXXXXXXXXXXXX XXXXXXXXXXXXXXXX XXXXXXXXXXXXXXX- ----------------
2000 : -------X-------- ---------------- ---------------- ----------------

All other memory blocks unused.

Program Memory Words Used:    47
Program Memory Words Free:  2001


Errors   :     0
Warnings :     0 reported,     0 suppressed
Messages :     1 reported,     0 suppressed

