MPASM  5.03                           HW5.ASM   11-9-2020  15:54:29         PAGE  1


LOC  OBJECT CODE     LINE SOURCE TEXT
  VALUE

                      00001                 PROCESSOR PIC16F628
                      00002                 #include <P16F628.INC>
                      00001         LIST
                      00002 ; P16F628.INC  Standard Header File, Version 1.01    Microchip Technology, Inc.
                      00261         LIST
2007   3F4A           00003                 __CONFIG        _CP_OFF & _MCLRE_OFF & _HS_OSC & _LVP_OFF & _WDT_OFF
                      00004 
                      00005                 cblock  0x20
  00000020            00006                         temp
  00000021            00007                         temp1
  00000022            00008                         count
  00000023            00009                         count0
  00000024            00010                         count1
  00000025            00011                         count2
                      00012                 endc
0000                  00013                 ORG 0x00                ;reset vector
                      00014 
0000   3007           00015                 movlw   .7
0001   1283 1303      00016                 banksel CMCON
0003   009F           00017                 movwf   CMCON           ; Disable analog comparator
0004   1683 1303      00018                 banksel TRISB           ; select Bank1
Message[302]: Register in operand not in bank 0.  Ensure that bank bits are correct.
0006   1485           00019                 BSF             TRISA,1         ; Port RA1 is an Input pin
0007   3000           00020                 movlw   0x00            ; w=0
Message[302]: Register in operand not in bank 0.  Ensure that bank bits are correct.
0008   0086           00021                 movwf   TRISB           ; TRISB = 0x00 ,Set PORTB as an output port
0009   1283 1303      00022                 banksel PORTB           ; select Bank0
                      00023                 
000B   0186           00024                 clrf    PORTB
000C   3001           00025                 movlw   .1
000D   00A0           00026                 movwf   temp            ; temp=1
                      00027                 
000E                  00028 L1:
000E   1C85           00029                 btfss   PORTA,1         ; Active low, use BTFSS (if active high, use BTFSC)
000F   2811           00030                 goto    button_is_pressed
0010   2819           00031                 goto    button_is_not_pressed
                      00032 
0011                  00033 button_is_pressed:
0011   0AA0           00034                 incf    temp,f          ;[temp] = [temp] + 1
0012   3007           00035                 movlw   .7              ;
0013   0220           00036                 subwf   temp,w          
0014   1D03           00037                 btfss   STATUS,Z        ;check if temp=7?
0015   280E           00038                 goto    L1                      ;No, go back and do it again
                      00039         
0016   3001           00040                 movlw   .1
0017   00A0           00041                 movwf   temp            ;Yes, temp =1           
0018   280E           00042                 goto    L1                      ;Repeat the infinite loop
                      00043 
0019                  00044 button_is_not_pressed:
0019   0820           00045                 movf    temp,w          ;use [Temp] to call 'DICE_FACES'
001A   201F           00046                 call    DICE_FACES
001B   0086           00047                 movwf   PORTB           ;Send the obtain 7 seg pattern to PORTB
001C   2039           00048                 call    Delay500mS
MPASM  5.03                           HW5.ASM   11-9-2020  15:54:29         PAGE  2


LOC  OBJECT CODE     LINE SOURCE TEXT
  VALUE

001D   0186           00049                 clrf    PORTB
001E   280E           00050                 goto    L1
                      00051                 
                      00052                 
                      00053 ;Loopup table for 7segments LED Patterns
001F                  00054 DICE_FACES:
001F   0782           00055                 addwf   PCL,F
                      00056                 ;RB       76543210
0020   3400           00057                 retlw   B'00000000'             ;Number0
0021   3408           00058                 retlw   B'00001000'             ;Number1
0022   3422           00059                 retlw   B'00100010'             ;Number2
0023   342A           00060                 retlw   B'00101010'             ;Number3
0024   3463           00061                 retlw   B'01100011'             ;Number4
0025   346B           00062                 retlw   B'01101011'             ;Number5
0026   3477           00063                 retlw   B'01110111'             ;Number6
                      00064 
                      00065 
0027                  00066 DelaymS:
0027   00A5           00067                 movwf   count2
0028   0AA5           00068                 incf    count2,f
0029   0BA5           00069                 decfsz  count2,f
002A   282C           00070                 goto    $+2
002B   282E           00071                 goto    $+3
002C   202F           00072                 call    Delay1mS
002D   2829           00073                 goto    $-4
002E   0008           00074                 return
                      00075                 
002F                  00076 Delay1mS:
002F   3032           00077                 movlw   .50                     ; 1 cyc
0030   00A4           00078                 movwf   count1          ; 1 cyc
0031                  00079 outterloop:
0031   3005           00080                 movlw   .5                      ; 1 cyc * count1
0032   0000           00081                 nop                                     ; 1 cyc * count1
0033   00A3           00082                 movwf   count0          ; 1 cyc * count1
0034                  00083 innerloop:
0034   0BA3           00084                 decfsz  count0,F        ; 1 cyc * count1 * count0
0035   2834           00085                 goto    innerloop       ; 2 cyc * count1 * count0
0036   0BA4           00086                 decfsz  count1,F        ; 1 cyc * count1
0037   2831           00087                 goto    outterloop      ; 2 cyc * count1
0038   0008           00088                 return                          ; 1 cyc
                      00089                 ; total = 3 + (6+3.count0).count1
                      00090                 ; count0 = 5 , count1 = 50, total = 1053 cyc ??
                      00091                 
0039                  00092 Delay500mS:
0039   30FA           00093                 movlw .250;
003A   2027           00094                 call  DelaymS;
003B   30FA           00095                 movlw .250;
003C   2027           00096                 call  DelaymS;
003D   0008           00097                 return
                      00098                 
                      00099                 END
MPASM  5.03                           HW5.ASM   11-9-2020  15:54:29         PAGE  3


SYMBOL TABLE
  LABEL                             VALUE 

ADEN                              00000003
BRGH                              00000002
C                                 00000000
C1INV                             00000004
C1OUT                             00000006
C2INV                             00000005
C2OUT                             00000007
CCP1CON                           00000017
CCP1IE                            00000002
CCP1IF                            00000002
CCP1M0                            00000000
CCP1M1                            00000001
CCP1M2                            00000002
CCP1M3                            00000003
CCP1X                             00000005
CCP1Y                             00000004
CCPR1H                            00000016
CCPR1L                            00000015
CIS                               00000003
CM0                               00000000
CM1                               00000001
CM2                               00000002
CMCON                             0000001F
CMIE                              00000006
CMIF                              00000006
CREN                              00000004
CSRC                              00000007
DC                                00000001
DICE_FACES                        0000001F
Delay1mS                          0000002F
Delay500mS                        00000039
DelaymS                           00000027
EEADR                             0000009B
EECON1                            0000009C
EECON2                            0000009D
EEDATA                            0000009A
EEIE                              00000007
EEIF                              00000007
F                                 00000001
FERR                              00000002
FSR                               00000004
GIE                               00000007
INDF                              00000000
INTCON                            0000000B
INTE                              00000004
INTEDG                            00000006
INTF                              00000001
IRP                               00000007
L1                                0000000E
NOT_BO                            00000000
NOT_BOD                           00000000
NOT_BOR                           00000000
NOT_PD                            00000003
MPASM  5.03                           HW5.ASM   11-9-2020  15:54:29         PAGE  4


SYMBOL TABLE
  LABEL                             VALUE 

NOT_POR                           00000001
NOT_RBPU                          00000007
NOT_T1SYNC                        00000002
NOT_TO                            00000004
OERR                              00000001
OPTION_REG                        00000081
OSCF                              00000003
PCL                               00000002
PCLATH                            0000000A
PCON                              0000008E
PEIE                              00000006
PIE1                              0000008C
PIR1                              0000000C
PORTA                             00000005
PORTB                             00000006
PR2                               00000092
PS0                               00000000
PS1                               00000001
PS2                               00000002
PSA                               00000003
RBIE                              00000003
RBIF                              00000000
RCIE                              00000005
RCIF                              00000005
RCREG                             0000001A
RCSTA                             00000018
RD                                00000000
RP0                               00000005
RP1                               00000006
RX9                               00000006
RX9D                              00000000
SPBRG                             00000099
SPEN                              00000007
SREN                              00000005
STATUS                            00000003
SYNC                              00000004
T0CS                              00000005
T0IE                              00000005
T0IF                              00000002
T0SE                              00000004
T1CKPS0                           00000004
T1CKPS1                           00000005
T1CON                             00000010
T1OSCEN                           00000003
T2CKPS0                           00000000
T2CKPS1                           00000001
T2CON                             00000012
TMR0                              00000001
TMR1CS                            00000001
TMR1H                             0000000F
TMR1IE                            00000000
TMR1IF                            00000000
TMR1L                             0000000E
MPASM  5.03                           HW5.ASM   11-9-2020  15:54:29         PAGE  5


SYMBOL TABLE
  LABEL                             VALUE 

TMR1ON                            00000000
TMR2                              00000011
TMR2IE                            00000001
TMR2IF                            00000001
TMR2ON                            00000002
TOUTPS0                           00000003
TOUTPS1                           00000004
TOUTPS2                           00000005
TOUTPS3                           00000006
TRISA                             00000085
TRISB                             00000086
TRMT                              00000001
TX9                               00000006
TX9D                              00000000
TXEN                              00000005
TXIE                              00000004
TXIF                              00000004
TXREG                             00000019
TXSTA                             00000098
VR0                               00000000
VR1                               00000001
VR2                               00000002
VR3                               00000003
VRCON                             0000009F
VREN                              00000007
VROE                              00000006
VRR                               00000005
W                                 00000000
WR                                00000001
WREN                              00000002
WRERR                             00000003
Z                                 00000002
_BODEN_OFF                        00003FBF
_BODEN_ON                         00003FFF
_CP_50                            00002BFF
_CP_75                            000017FF
_CP_ALL                           000003FF
_CP_OFF                           00003FFF
_DATA_CP_OFF                      00003FFF
_DATA_CP_ON                       00003EFF
_ER_OSC_CLKOUT                    00003FFF
_ER_OSC_NOCLKOUT                  00003FFE
_EXTCLK_OSC                       00003FEF
_HS_OSC                           00003FEE
_INTRC_OSC_CLKOUT                 00003FFD
_INTRC_OSC_NOCLKOUT               00003FFC
_LP_OSC                           00003FEC
_LVP_OFF                          00003F7F
_LVP_ON                           00003FFF
_MCLRE_OFF                        00003FDF
_MCLRE_ON                         00003FFF
_PWRTE_OFF                        00003FFF
_PWRTE_ON                         00003FF7
MPASM  5.03                           HW5.ASM   11-9-2020  15:54:29         PAGE  6


SYMBOL TABLE
  LABEL                             VALUE 

_WDT_OFF                          00003FFB
_WDT_ON                           00003FFF
_XT_OSC                           00003FED
__16F628                          00000001
button_is_not_pressed             00000019
button_is_pressed                 00000011
count                             00000022
count0                            00000023
count1                            00000024
count2                            00000025
innerloop                         00000034
outterloop                        00000031
temp                              00000020
temp1                             00000021


MEMORY USAGE MAP ('X' = Used,  '-' = Unused)

0000 : XXXXXXXXXXXXXXXX XXXXXXXXXXXXXXXX XXXXXXXXXXXXXXXX XXXXXXXXXXXXXX--
2000 : -------X-------- ---------------- ---------------- ----------------

All other memory blocks unused.

Program Memory Words Used:    62
Program Memory Words Free:  1986


Errors   :     0
Warnings :     0 reported,     0 suppressed
Messages :     2 reported,     0 suppressed

